{"C:\\Users\\ryair\\OneDrive - Intel Corporation\\Documents\\MyScripts\\WoodworkingShop\\src\\engine\\assembly.ts": {"path":"C:\\Users\\ryair\\OneDrive - Intel Corporation\\Documents\\MyScripts\\WoodworkingShop\\src\\engine\\assembly.ts","statementMap":{"0":{"start":{"line":20,"column":32},"end":{"line":20,"column":null}},"1":{"start":{"line":21,"column":19},"end":{"line":21,"column":null}},"2":{"start":{"line":22,"column":24},"end":{"line":22,"column":null}},"3":{"start":{"line":23,"column":17},"end":{"line":23,"column":null}},"4":{"start":{"line":24,"column":21},"end":{"line":24,"column":null}},"5":{"start":{"line":25,"column":10},"end":{"line":25,"column":null}},"6":{"start":{"line":28,"column":2},"end":{"line":87,"column":null}},"7":{"start":{"line":29,"column":4},"end":{"line":39,"column":null}},"8":{"start":{"line":40,"column":4},"end":{"line":50,"column":null}},"9":{"start":{"line":51,"column":4},"end":{"line":61,"column":null}},"10":{"start":{"line":62,"column":4},"end":{"line":73,"column":null}},"11":{"start":{"line":63,"column":6},"end":{"line":72,"column":null}},"12":{"start":{"line":74,"column":4},"end":{"line":85,"column":null}},"13":{"start":{"line":75,"column":6},"end":{"line":84,"column":null}},"14":{"start":{"line":86,"column":4},"end":{"line":86,"column":null}},"15":{"start":{"line":89,"column":2},"end":{"line":103,"column":null}},"16":{"start":{"line":105,"column":2},"end":{"line":115,"column":null}},"17":{"start":{"line":117,"column":2},"end":{"line":129,"column":null}},"18":{"start":{"line":118,"column":4},"end":{"line":128,"column":null}},"19":{"start":{"line":131,"column":2},"end":{"line":141,"column":null}},"20":{"start":{"line":143,"column":2},"end":{"line":157,"column":null}},"21":{"start":{"line":159,"column":2},"end":{"line":191,"column":null}},"22":{"start":{"line":160,"column":20},"end":{"line":160,"column":null}},"23":{"start":{"line":161,"column":4},"end":{"line":178,"column":null}},"24":{"start":{"line":180,"column":4},"end":{"line":190,"column":null}},"25":{"start":{"line":193,"column":2},"end":{"line":205,"column":null}},"26":{"start":{"line":194,"column":4},"end":{"line":204,"column":null}},"27":{"start":{"line":207,"column":2},"end":{"line":217,"column":null}},"28":{"start":{"line":219,"column":2},"end":{"line":231,"column":null}},"29":{"start":{"line":220,"column":4},"end":{"line":230,"column":null}},"30":{"start":{"line":233,"column":2},"end":{"line":249,"column":null}},"31":{"start":{"line":234,"column":4},"end":{"line":248,"column":null}},"32":{"start":{"line":251,"column":2},"end":{"line":261,"column":null}},"33":{"start":{"line":263,"column":2},"end":{"line":263,"column":null}}},"fnMap":{"0":{"name":"generateAssemblySteps","decl":{"start":{"line":19,"column":16},"end":{"line":19,"column":38}},"loc":{"start":{"line":19,"column":74},"end":{"line":264,"column":null}},"line":19}},"branchMap":{"0":{"loc":{"start":{"line":21,"column":19},"end":{"line":21,"column":null}},"type":"binary-expr","locations":[{"start":{"line":21,"column":19},"end":{"line":21,"column":48}},{"start":{"line":21,"column":48},"end":{"line":21,"column":83}},{"start":{"line":21,"column":83},"end":{"line":21,"column":null}}],"line":21},"1":{"loc":{"start":{"line":22,"column":24},"end":{"line":22,"column":null}},"type":"binary-expr","locations":[{"start":{"line":22,"column":24},"end":{"line":22,"column":45}},{"start":{"line":22,"column":45},"end":{"line":22,"column":null}}],"line":22},"2":{"loc":{"start":{"line":28,"column":2},"end":{"line":87,"column":null}},"type":"if","locations":[{"start":{"line":28,"column":2},"end":{"line":87,"column":null}},{"start":{},"end":{}}],"line":28},"3":{"loc":{"start":{"line":62,"column":4},"end":{"line":73,"column":null}},"type":"if","locations":[{"start":{"line":62,"column":4},"end":{"line":73,"column":null}},{"start":{},"end":{}}],"line":62},"4":{"loc":{"start":{"line":74,"column":4},"end":{"line":85,"column":null}},"type":"if","locations":[{"start":{"line":74,"column":4},"end":{"line":85,"column":null}},{"start":{},"end":{}}],"line":74},"5":{"loc":{"start":{"line":117,"column":2},"end":{"line":129,"column":null}},"type":"if","locations":[{"start":{"line":117,"column":2},"end":{"line":129,"column":null}},{"start":{},"end":{}}],"line":117},"6":{"loc":{"start":{"line":150,"column":12},"end":{"line":150,"column":41}},"type":"cond-expr","locations":[{"start":{"line":150,"column":28},"end":{"line":150,"column":36}},{"start":{"line":150,"column":36},"end":{"line":150,"column":41}}],"line":150},"7":{"loc":{"start":{"line":159,"column":2},"end":{"line":191,"column":null}},"type":"if","locations":[{"start":{"line":159,"column":2},"end":{"line":191,"column":null}},{"start":{},"end":{}}],"line":159},"8":{"loc":{"start":{"line":163,"column":13},"end":{"line":165,"column":null}},"type":"cond-expr","locations":[{"start":{"line":164,"column":10},"end":{"line":164,"column":null}},{"start":{"line":165,"column":10},"end":{"line":165,"column":null}}],"line":163},"9":{"loc":{"start":{"line":166,"column":19},"end":{"line":174,"column":null}},"type":"cond-expr","locations":[{"start":{"line":167,"column":10},"end":{"line":170,"column":null}},{"start":{"line":171,"column":10},"end":{"line":174,"column":null}}],"line":166},"10":{"loc":{"start":{"line":175,"column":14},"end":{"line":175,"column":43}},"type":"cond-expr","locations":[{"start":{"line":175,"column":30},"end":{"line":175,"column":38}},{"start":{"line":175,"column":38},"end":{"line":175,"column":43}}],"line":175},"11":{"loc":{"start":{"line":177,"column":20},"end":{"line":177,"column":null}},"type":"cond-expr","locations":[{"start":{"line":177,"column":30},"end":{"line":177,"column":72}},{"start":{"line":177,"column":72},"end":{"line":177,"column":null}}],"line":177},"12":{"loc":{"start":{"line":193,"column":2},"end":{"line":205,"column":null}},"type":"if","locations":[{"start":{"line":193,"column":2},"end":{"line":205,"column":null}},{"start":{},"end":{}}],"line":193},"13":{"loc":{"start":{"line":214,"column":12},"end":{"line":214,"column":41}},"type":"cond-expr","locations":[{"start":{"line":214,"column":28},"end":{"line":214,"column":36}},{"start":{"line":214,"column":36},"end":{"line":214,"column":41}}],"line":214},"14":{"loc":{"start":{"line":219,"column":2},"end":{"line":231,"column":null}},"type":"if","locations":[{"start":{"line":219,"column":2},"end":{"line":231,"column":null}},{"start":{},"end":{}}],"line":219},"15":{"loc":{"start":{"line":233,"column":2},"end":{"line":249,"column":null}},"type":"if","locations":[{"start":{"line":233,"column":2},"end":{"line":249,"column":null}},{"start":{},"end":{}}],"line":233}},"s":{"0":12,"1":12,"2":12,"3":12,"4":12,"5":12,"6":12,"7":1,"8":1,"9":1,"10":1,"11":0,"12":1,"13":1,"14":1,"15":11,"16":11,"17":11,"18":10,"19":11,"20":11,"21":12,"22":10,"23":10,"24":10,"25":11,"26":1,"27":11,"28":12,"29":0,"30":11,"31":10,"32":11,"33":11},"f":{"0":12},"b":{"0":[12,10,1],"1":[12,10],"2":[1,11],"3":[0,1],"4":[1,0],"5":[10,1],"6":[10,1],"7":[10,2],"8":[0,10],"9":[0,10],"10":[9,1],"11":[0,10],"12":[1,10],"13":[10,1],"14":[0,12],"15":[10,1]},"meta":{"lastBranch":16,"lastFunction":1,"lastStatement":34,"seen":{"f:19:16:19:38":0,"s:20:32:20:Infinity":0,"s:21:19:21:Infinity":1,"b:21:19:21:48:21:48:21:83:21:83:21:Infinity":0,"s:22:24:22:Infinity":2,"b:22:24:22:45:22:45:22:Infinity":1,"s:23:17:23:Infinity":3,"s:24:21:24:Infinity":4,"s:25:10:25:Infinity":5,"b:28:2:87:Infinity:undefined:undefined:undefined:undefined":2,"s:28:2:87:Infinity":6,"s:29:4:39:Infinity":7,"s:40:4:50:Infinity":8,"s:51:4:61:Infinity":9,"b:62:4:73:Infinity:undefined:undefined:undefined:undefined":3,"s:62:4:73:Infinity":10,"s:63:6:72:Infinity":11,"b:74:4:85:Infinity:undefined:undefined:undefined:undefined":4,"s:74:4:85:Infinity":12,"s:75:6:84:Infinity":13,"s:86:4:86:Infinity":14,"s:89:2:103:Infinity":15,"s:105:2:115:Infinity":16,"b:117:2:129:Infinity:undefined:undefined:undefined:undefined":5,"s:117:2:129:Infinity":17,"s:118:4:128:Infinity":18,"s:131:2:141:Infinity":19,"s:143:2:157:Infinity":20,"b:150:28:150:36:150:36:150:41":6,"b:159:2:191:Infinity:undefined:undefined:undefined:undefined":7,"s:159:2:191:Infinity":21,"s:160:20:160:Infinity":22,"s:161:4:178:Infinity":23,"b:164:10:164:Infinity:165:10:165:Infinity":8,"b:167:10:170:Infinity:171:10:174:Infinity":9,"b:175:30:175:38:175:38:175:43":10,"b:177:30:177:72:177:72:177:Infinity":11,"s:180:4:190:Infinity":24,"b:193:2:205:Infinity:undefined:undefined:undefined:undefined":12,"s:193:2:205:Infinity":25,"s:194:4:204:Infinity":26,"s:207:2:217:Infinity":27,"b:214:28:214:36:214:36:214:41":13,"b:219:2:231:Infinity:undefined:undefined:undefined:undefined":14,"s:219:2:231:Infinity":28,"s:220:4:230:Infinity":29,"b:233:2:249:Infinity:undefined:undefined:undefined:undefined":15,"s:233:2:249:Infinity":30,"s:234:4:248:Infinity":31,"s:251:2:261:Infinity":32,"s:263:2:263:Infinity":33}}}
,"C:\\Users\\ryair\\OneDrive - Intel Corporation\\Documents\\MyScripts\\WoodworkingShop\\src\\engine\\cost-estimator.ts": {"path":"C:\\Users\\ryair\\OneDrive - Intel Corporation\\Documents\\MyScripts\\WoodworkingShop\\src\\engine\\cost-estimator.ts","statementMap":{"0":{"start":{"line":23,"column":48},"end":{"line":31,"column":null}},"1":{"start":{"line":34,"column":31},"end":{"line":34,"column":null}},"2":{"start":{"line":46,"column":19},"end":{"line":46,"column":null}},"3":{"start":{"line":47,"column":2},"end":{"line":55,"column":null}},"4":{"start":{"line":48,"column":16},"end":{"line":48,"column":null}},"5":{"start":{"line":49,"column":21},"end":{"line":49,"column":null}},"6":{"start":{"line":50,"column":4},"end":{"line":54,"column":null}},"7":{"start":{"line":51,"column":6},"end":{"line":51,"column":null}},"8":{"start":{"line":53,"column":6},"end":{"line":53,"column":null}},"9":{"start":{"line":57,"column":34},"end":{"line":57,"column":null}},"10":{"start":{"line":58,"column":26},"end":{"line":58,"column":null}},"11":{"start":{"line":59,"column":2},"end":{"line":71,"column":null}},"12":{"start":{"line":60,"column":18},"end":{"line":60,"column":null}},"13":{"start":{"line":61,"column":21},"end":{"line":61,"column":null}},"14":{"start":{"line":62,"column":4},"end":{"line":69,"column":null}},"15":{"start":{"line":70,"column":4},"end":{"line":70,"column":null}},"16":{"start":{"line":74,"column":26},"end":{"line":74,"column":null}},"17":{"start":{"line":77,"column":21},"end":{"line":77,"column":null}},"18":{"start":{"line":78,"column":2},"end":{"line":81,"column":null}},"19":{"start":{"line":79,"column":22},"end":{"line":79,"column":null}},"20":{"start":{"line":80,"column":4},"end":{"line":80,"column":null}},"21":{"start":{"line":84,"column":23},"end":{"line":84,"column":null}},"22":{"start":{"line":85,"column":20},"end":{"line":85,"column":null}},"23":{"start":{"line":87,"column":2},"end":{"line":94,"column":null}}},"fnMap":{"0":{"name":"estimateCost","decl":{"start":{"line":40,"column":16},"end":{"line":40,"column":null}},"loc":{"start":{"line":44,"column":17},"end":{"line":95,"column":null}},"line":44}},"branchMap":{"0":{"loc":{"start":{"line":50,"column":4},"end":{"line":54,"column":null}},"type":"if","locations":[{"start":{"line":50,"column":4},"end":{"line":54,"column":null}},{"start":{"line":52,"column":11},"end":{"line":54,"column":null}}],"line":50},"1":{"loc":{"start":{"line":60,"column":18},"end":{"line":60,"column":null}},"type":"binary-expr","locations":[{"start":{"line":60,"column":18},"end":{"line":60,"column":39}},{"start":{"line":60,"column":39},"end":{"line":60,"column":null}}],"line":60},"2":{"loc":{"start":{"line":79,"column":22},"end":{"line":79,"column":null}},"type":"binary-expr","locations":[{"start":{"line":79,"column":22},"end":{"line":79,"column":48}},{"start":{"line":79,"column":48},"end":{"line":79,"column":null}}],"line":79},"3":{"loc":{"start":{"line":84,"column":23},"end":{"line":84,"column":null}},"type":"cond-expr","locations":[{"start":{"line":84,"column":52},"end":{"line":84,"column":98}},{"start":{"line":84,"column":98},"end":{"line":84,"column":null}}],"line":84}},"s":{"0":1,"1":1,"2":12,"3":12,"4":13,"5":13,"6":13,"7":1,"8":12,"9":12,"10":12,"11":12,"12":12,"13":12,"14":12,"15":12,"16":12,"17":12,"18":12,"19":11,"20":11,"21":12,"22":12,"23":12},"f":{"0":12},"b":{"0":[1,12],"1":[12,0],"2":[11,1],"3":[11,1]},"meta":{"lastBranch":4,"lastFunction":1,"lastStatement":24,"seen":{"s:23:48:31:Infinity":0,"s:34:31:34:Infinity":1,"f:40:16:40:Infinity":0,"s:46:19:46:Infinity":2,"s:47:2:55:Infinity":3,"s:48:16:48:Infinity":4,"s:49:21:49:Infinity":5,"b:50:4:54:Infinity:52:11:54:Infinity":0,"s:50:4:54:Infinity":6,"s:51:6:51:Infinity":7,"s:53:6:53:Infinity":8,"s:57:34:57:Infinity":9,"s:58:26:58:Infinity":10,"s:59:2:71:Infinity":11,"s:60:18:60:Infinity":12,"b:60:18:60:39:60:39:60:Infinity":1,"s:61:21:61:Infinity":13,"s:62:4:69:Infinity":14,"s:70:4:70:Infinity":15,"s:74:26:74:Infinity":16,"s:77:21:77:Infinity":17,"s:78:2:81:Infinity":18,"s:79:22:79:Infinity":19,"b:79:22:79:48:79:48:79:Infinity":2,"s:80:4:80:Infinity":20,"s:84:23:84:Infinity":21,"b:84:52:84:98:84:98:84:Infinity":3,"s:85:20:85:Infinity":22,"s:87:2:94:Infinity":23}}}
,"C:\\Users\\ryair\\OneDrive - Intel Corporation\\Documents\\MyScripts\\WoodworkingShop\\src\\engine\\cut-optimizer.ts": {"path":"C:\\Users\\ryair\\OneDrive - Intel Corporation\\Documents\\MyScripts\\WoodworkingShop\\src\\engine\\cut-optimizer.ts","statementMap":{"0":{"start":{"line":16,"column":17},"end":{"line":16,"column":null}},"1":{"start":{"line":17,"column":2},"end":{"line":29,"column":null}},"2":{"start":{"line":18,"column":18},"end":{"line":18,"column":null}},"3":{"start":{"line":19,"column":4},"end":{"line":27,"column":null}},"4":{"start":{"line":19,"column":17},"end":{"line":19,"column":20}},"5":{"start":{"line":20,"column":6},"end":{"line":26,"column":null}},"6":{"start":{"line":28,"column":4},"end":{"line":28,"column":null}},"7":{"start":{"line":31,"column":32},"end":{"line":31,"column":null}},"8":{"start":{"line":32,"column":17},"end":{"line":32,"column":null}},"9":{"start":{"line":34,"column":2},"end":{"line":67,"column":null}},"10":{"start":{"line":35,"column":10},"end":{"line":35,"column":null}},"11":{"start":{"line":36,"column":19},"end":{"line":36,"column":null}},"12":{"start":{"line":37,"column":19},"end":{"line":37,"column":null}},"13":{"start":{"line":38,"column":22},"end":{"line":38,"column":null}},"14":{"start":{"line":41,"column":18},"end":{"line":41,"column":null}},"15":{"start":{"line":41,"column":50},"end":{"line":41,"column":69}},"16":{"start":{"line":44,"column":19},"end":{"line":44,"column":null}},"17":{"start":{"line":46,"column":4},"end":{"line":66,"column":null}},"18":{"start":{"line":47,"column":23},"end":{"line":47,"column":null}},"19":{"start":{"line":47,"column":54},"end":{"line":47,"column":80}},"20":{"start":{"line":48,"column":6},"end":{"line":65,"column":null}},"21":{"start":{"line":54,"column":39},"end":{"line":63,"column":10}},"22":{"start":{"line":69,"column":20},"end":{"line":69,"column":null}},"23":{"start":{"line":69,"column":48},"end":{"line":69,"column":84}},"24":{"start":{"line":70,"column":19},"end":{"line":70,"column":null}},"25":{"start":{"line":70,"column":47},"end":{"line":70,"column":105}},"26":{"start":{"line":70,"column":77},"end":{"line":70,"column":101}},"27":{"start":{"line":72,"column":2},"end":{"line":77,"column":null}},"28":{"start":{"line":101,"column":2},"end":{"line":101,"column":null}},"29":{"start":{"line":101,"column":26},"end":{"line":101,"column":null}},"30":{"start":{"line":103,"column":33},"end":{"line":103,"column":null}},"31":{"start":{"line":105,"column":33},"end":{"line":105,"column":null}},"32":{"start":{"line":107,"column":2},"end":{"line":178,"column":null}},"33":{"start":{"line":109,"column":25},"end":{"line":112,"column":null}},"34":{"start":{"line":114,"column":17},"end":{"line":114,"column":null}},"35":{"start":{"line":116,"column":4},"end":{"line":159,"column":null}},"36":{"start":{"line":116,"column":18},"end":{"line":116,"column":21}},"37":{"start":{"line":117,"column":6},"end":{"line":135,"column":null}},"38":{"start":{"line":118,"column":25},"end":{"line":118,"column":null}},"39":{"start":{"line":119,"column":8},"end":{"line":134,"column":null}},"40":{"start":{"line":120,"column":24},"end":{"line":120,"column":null}},"41":{"start":{"line":121,"column":33},"end":{"line":128,"column":null}},"42":{"start":{"line":129,"column":10},"end":{"line":129,"column":null}},"43":{"start":{"line":130,"column":10},"end":{"line":130,"column":null}},"44":{"start":{"line":131,"column":10},"end":{"line":131,"column":null}},"45":{"start":{"line":132,"column":10},"end":{"line":132,"column":null}},"46":{"start":{"line":133,"column":10},"end":{"line":133,"column":null}},"47":{"start":{"line":138,"column":6},"end":{"line":158,"column":null}},"48":{"start":{"line":139,"column":8},"end":{"line":157,"column":null}},"49":{"start":{"line":140,"column":23},"end":{"line":140,"column":null}},"50":{"start":{"line":141,"column":10},"end":{"line":156,"column":null}},"51":{"start":{"line":142,"column":33},"end":{"line":142,"column":null}},"52":{"start":{"line":143,"column":35},"end":{"line":150,"column":null}},"53":{"start":{"line":151,"column":12},"end":{"line":151,"column":null}},"54":{"start":{"line":152,"column":12},"end":{"line":152,"column":null}},"55":{"start":{"line":153,"column":12},"end":{"line":153,"column":null}},"56":{"start":{"line":154,"column":12},"end":{"line":154,"column":null}},"57":{"start":{"line":155,"column":12},"end":{"line":155,"column":null}},"58":{"start":{"line":162,"column":4},"end":{"line":177,"column":null}},"59":{"start":{"line":163,"column":24},"end":{"line":163,"column":null}},"60":{"start":{"line":164,"column":16},"end":{"line":164,"column":null}},"61":{"start":{"line":166,"column":27},"end":{"line":166,"column":null}},"62":{"start":{"line":167,"column":29},"end":{"line":174,"column":null}},"63":{"start":{"line":175,"column":6},"end":{"line":175,"column":null}},"64":{"start":{"line":176,"column":6},"end":{"line":176,"column":null}},"65":{"start":{"line":180,"column":2},"end":{"line":180,"column":null}},"66":{"start":{"line":197,"column":2},"end":{"line":202,"column":null}},"67":{"start":{"line":197,"column":15},"end":{"line":197,"column":18}},"68":{"start":{"line":198,"column":14},"end":{"line":198,"column":null}},"69":{"start":{"line":199,"column":4},"end":{"line":201,"column":null}},"70":{"start":{"line":200,"column":6},"end":{"line":200,"column":null}},"71":{"start":{"line":203,"column":2},"end":{"line":203,"column":null}},"72":{"start":{"line":207,"column":2},"end":{"line":207,"column":null}},"73":{"start":{"line":207,"column":27},"end":{"line":207,"column":null}},"74":{"start":{"line":208,"column":15},"end":{"line":208,"column":null}},"75":{"start":{"line":209,"column":2},"end":{"line":209,"column":null}},"76":{"start":{"line":213,"column":2},"end":{"line":213,"column":null}}},"fnMap":{"0":{"name":"optimizeCutSheets","decl":{"start":{"line":14,"column":16},"end":{"line":14,"column":34}},"loc":{"start":{"line":14,"column":69},"end":{"line":78,"column":null}},"line":14},"1":{"name":"(anonymous_1)","decl":{"start":{"line":41,"column":40},"end":{"line":41,"column":41}},"loc":{"start":{"line":41,"column":50},"end":{"line":41,"column":69}},"line":41},"2":{"name":"(anonymous_2)","decl":{"start":{"line":47,"column":42},"end":{"line":47,"column":43}},"loc":{"start":{"line":47,"column":54},"end":{"line":47,"column":80}},"line":47},"3":{"name":"(anonymous_3)","decl":{"start":{"line":54,"column":31},"end":{"line":54,"column":32}},"loc":{"start":{"line":54,"column":39},"end":{"line":63,"column":10}},"line":54},"4":{"name":"(anonymous_4)","decl":{"start":{"line":69,"column":37},"end":{"line":69,"column":38}},"loc":{"start":{"line":69,"column":48},"end":{"line":69,"column":84}},"line":69},"5":{"name":"(anonymous_5)","decl":{"start":{"line":70,"column":36},"end":{"line":70,"column":37}},"loc":{"start":{"line":70,"column":47},"end":{"line":70,"column":105}},"line":70},"6":{"name":"(anonymous_6)","decl":{"start":{"line":70,"column":67},"end":{"line":70,"column":68}},"loc":{"start":{"line":70,"column":77},"end":{"line":70,"column":101}},"line":70},"7":{"name":"packFFD","decl":{"start":{"line":100,"column":9},"end":{"line":100,"column":17}},"loc":{"start":{"line":100,"column":103},"end":{"line":181,"column":null}},"line":100},"8":{"name":"tryFitInStrip","decl":{"start":{"line":189,"column":9},"end":{"line":189,"column":null}},"loc":{"start":{"line":196,"column":10},"end":{"line":204,"column":null}},"line":196},"9":{"name":"nextStripY","decl":{"start":{"line":206,"column":9},"end":{"line":206,"column":20}},"loc":{"start":{"line":206,"column":59},"end":{"line":210,"column":null}},"line":206},"10":{"name":"round2","decl":{"start":{"line":212,"column":9},"end":{"line":212,"column":16}},"loc":{"start":{"line":212,"column":35},"end":{"line":214,"column":null}},"line":212}},"branchMap":{"0":{"loc":{"start":{"line":18,"column":18},"end":{"line":18,"column":null}},"type":"binary-expr","locations":[{"start":{"line":18,"column":18},"end":{"line":18,"column":44}},{"start":{"line":18,"column":44},"end":{"line":18,"column":null}}],"line":18},"1":{"loc":{"start":{"line":75,"column":18},"end":{"line":75,"column":null}},"type":"cond-expr","locations":[{"start":{"line":75,"column":34},"end":{"line":75,"column":73}},{"start":{"line":75,"column":73},"end":{"line":75,"column":null}}],"line":75},"2":{"loc":{"start":{"line":101,"column":2},"end":{"line":101,"column":null}},"type":"if","locations":[{"start":{"line":101,"column":2},"end":{"line":101,"column":null}},{"start":{},"end":{}}],"line":101},"3":{"loc":{"start":{"line":116,"column":21},"end":{"line":116,"column":52}},"type":"binary-expr","locations":[{"start":{"line":116,"column":21},"end":{"line":116,"column":43}},{"start":{"line":116,"column":43},"end":{"line":116,"column":52}}],"line":116},"4":{"loc":{"start":{"line":119,"column":8},"end":{"line":134,"column":null}},"type":"if","locations":[{"start":{"line":119,"column":8},"end":{"line":134,"column":null}},{"start":{},"end":{}}],"line":119},"5":{"loc":{"start":{"line":138,"column":6},"end":{"line":158,"column":null}},"type":"if","locations":[{"start":{"line":138,"column":6},"end":{"line":158,"column":null}},{"start":{},"end":{}}],"line":138},"6":{"loc":{"start":{"line":141,"column":10},"end":{"line":156,"column":null}},"type":"if","locations":[{"start":{"line":141,"column":10},"end":{"line":156,"column":null}},{"start":{},"end":{}}],"line":141},"7":{"loc":{"start":{"line":141,"column":14},"end":{"line":141,"column":62}},"type":"binary-expr","locations":[{"start":{"line":141,"column":14},"end":{"line":141,"column":43}},{"start":{"line":141,"column":43},"end":{"line":141,"column":62}}],"line":141},"8":{"loc":{"start":{"line":162,"column":4},"end":{"line":177,"column":null}},"type":"if","locations":[{"start":{"line":162,"column":4},"end":{"line":177,"column":null}},{"start":{},"end":{}}],"line":162},"9":{"loc":{"start":{"line":163,"column":24},"end":{"line":163,"column":null}},"type":"binary-expr","locations":[{"start":{"line":163,"column":24},"end":{"line":163,"column":54}},{"start":{"line":163,"column":54},"end":{"line":163,"column":null}}],"line":163},"10":{"loc":{"start":{"line":164,"column":16},"end":{"line":164,"column":null}},"type":"cond-expr","locations":[{"start":{"line":164,"column":28},"end":{"line":164,"column":64}},{"start":{"line":164,"column":64},"end":{"line":164,"column":null}}],"line":164},"11":{"loc":{"start":{"line":199,"column":4},"end":{"line":201,"column":null}},"type":"if","locations":[{"start":{"line":199,"column":4},"end":{"line":201,"column":null}},{"start":{},"end":{}}],"line":199},"12":{"loc":{"start":{"line":199,"column":8},"end":{"line":199,"column":72}},"type":"binary-expr","locations":[{"start":{"line":199,"column":8},"end":{"line":199,"column":37}},{"start":{"line":199,"column":37},"end":{"line":199,"column":72}}],"line":199},"13":{"loc":{"start":{"line":207,"column":2},"end":{"line":207,"column":null}},"type":"if","locations":[{"start":{"line":207,"column":2},"end":{"line":207,"column":null}},{"start":{},"end":{}}],"line":207}},"s":{"0":1344,"1":1344,"2":9427,"3":9427,"4":9427,"5":16191,"6":9427,"7":1344,"8":1344,"9":1344,"10":2686,"11":2686,"12":2686,"13":2686,"14":2686,"15":21808,"16":2686,"17":2686,"18":7023,"19":16191,"20":7023,"21":16191,"22":1344,"23":7023,"24":1344,"25":7023,"26":16191,"27":1344,"28":2686,"29":0,"30":2686,"31":2686,"32":2686,"33":16191,"34":16191,"35":16191,"36":16191,"37":35855,"38":65412,"39":65412,"40":6298,"41":6298,"42":6298,"43":6298,"44":6298,"45":6298,"46":6298,"47":35855,"48":29557,"49":56391,"50":56391,"51":2870,"52":2870,"53":2870,"54":2870,"55":2870,"56":2870,"57":2870,"58":16191,"59":7023,"60":7023,"61":7023,"62":7023,"63":7023,"64":7023,"65":2686,"66":65412,"67":65412,"68":77627,"69":77627,"70":6298,"71":59114,"72":56391,"73":0,"74":56391,"75":56391,"76":8366},"f":{"0":1344,"1":21808,"2":16191,"3":16191,"4":7023,"5":7023,"6":16191,"7":2686,"8":65412,"9":56391,"10":8366},"b":{"0":[9427,2686],"1":[1343,1],"2":[0,2686],"3":[16191,36109],"4":[6298,59114],"5":[29557,6298],"6":[2870,53521],"7":[56391,2884],"8":[7023,9168],"9":[7023,7023],"10":[7023,0],"11":[6298,71329],"12":[77627,77189],"13":[0,56391]},"meta":{"lastBranch":14,"lastFunction":11,"lastStatement":77,"seen":{"f:14:16:14:34":0,"s:16:17:16:Infinity":0,"s:17:2:29:Infinity":1,"s:18:18:18:Infinity":2,"b:18:18:18:44:18:44:18:Infinity":0,"s:19:4:27:Infinity":3,"s:19:17:19:20":4,"s:20:6:26:Infinity":5,"s:28:4:28:Infinity":6,"s:31:32:31:Infinity":7,"s:32:17:32:Infinity":8,"s:34:2:67:Infinity":9,"s:35:10:35:Infinity":10,"s:36:19:36:Infinity":11,"s:37:19:37:Infinity":12,"s:38:22:38:Infinity":13,"s:41:18:41:Infinity":14,"f:41:40:41:41":1,"s:41:50:41:69":15,"s:44:19:44:Infinity":16,"s:46:4:66:Infinity":17,"s:47:23:47:Infinity":18,"f:47:42:47:43":2,"s:47:54:47:80":19,"s:48:6:65:Infinity":20,"f:54:31:54:32":3,"s:54:39:63:10":21,"s:69:20:69:Infinity":22,"f:69:37:69:38":4,"s:69:48:69:84":23,"s:70:19:70:Infinity":24,"f:70:36:70:37":5,"s:70:47:70:105":25,"f:70:67:70:68":6,"s:70:77:70:101":26,"s:72:2:77:Infinity":27,"b:75:34:75:73:75:73:75:Infinity":1,"f:100:9:100:17":7,"b:101:2:101:Infinity:undefined:undefined:undefined:undefined":2,"s:101:2:101:Infinity":28,"s:101:26:101:Infinity":29,"s:103:33:103:Infinity":30,"s:105:33:105:Infinity":31,"s:107:2:178:Infinity":32,"s:109:25:112:Infinity":33,"s:114:17:114:Infinity":34,"s:116:4:159:Infinity":35,"s:116:18:116:21":36,"b:116:21:116:43:116:43:116:52":3,"s:117:6:135:Infinity":37,"s:118:25:118:Infinity":38,"b:119:8:134:Infinity:undefined:undefined:undefined:undefined":4,"s:119:8:134:Infinity":39,"s:120:24:120:Infinity":40,"s:121:33:128:Infinity":41,"s:129:10:129:Infinity":42,"s:130:10:130:Infinity":43,"s:131:10:131:Infinity":44,"s:132:10:132:Infinity":45,"s:133:10:133:Infinity":46,"b:138:6:158:Infinity:undefined:undefined:undefined:undefined":5,"s:138:6:158:Infinity":47,"s:139:8:157:Infinity":48,"s:140:23:140:Infinity":49,"b:141:10:156:Infinity:undefined:undefined:undefined:undefined":6,"s:141:10:156:Infinity":50,"b:141:14:141:43:141:43:141:62":7,"s:142:33:142:Infinity":51,"s:143:35:150:Infinity":52,"s:151:12:151:Infinity":53,"s:152:12:152:Infinity":54,"s:153:12:153:Infinity":55,"s:154:12:154:Infinity":56,"s:155:12:155:Infinity":57,"b:162:4:177:Infinity:undefined:undefined:undefined:undefined":8,"s:162:4:177:Infinity":58,"s:163:24:163:Infinity":59,"b:163:24:163:54:163:54:163:Infinity":9,"s:164:16:164:Infinity":60,"b:164:28:164:64:164:64:164:Infinity":10,"s:166:27:166:Infinity":61,"s:167:29:174:Infinity":62,"s:175:6:175:Infinity":63,"s:176:6:176:Infinity":64,"s:180:2:180:Infinity":65,"f:189:9:189:Infinity":8,"s:197:2:202:Infinity":66,"s:197:15:197:18":67,"s:198:14:198:Infinity":68,"b:199:4:201:Infinity:undefined:undefined:undefined:undefined":11,"s:199:4:201:Infinity":69,"b:199:8:199:37:199:37:199:72":12,"s:200:6:200:Infinity":70,"s:203:2:203:Infinity":71,"f:206:9:206:20":9,"b:207:2:207:Infinity:undefined:undefined:undefined:undefined":13,"s:207:2:207:Infinity":72,"s:207:27:207:Infinity":73,"s:208:15:208:Infinity":74,"s:209:2:209:Infinity":75,"f:212:9:212:16":10,"s:213:2:213:Infinity":76}}}
,"C:\\Users\\ryair\\OneDrive - Intel Corporation\\Documents\\MyScripts\\WoodworkingShop\\src\\engine\\dimensions.ts": {"path":"C:\\Users\\ryair\\OneDrive - Intel Corporation\\Documents\\MyScripts\\WoodworkingShop\\src\\engine\\dimensions.ts","statementMap":{"0":{"start":{"line":9,"column":8},"end":{"line":9,"column":null}},"1":{"start":{"line":10,"column":12},"end":{"line":10,"column":null}},"2":{"start":{"line":12,"column":24},"end":{"line":12,"column":null}},"3":{"start":{"line":13,"column":25},"end":{"line":13,"column":null}},"4":{"start":{"line":14,"column":21},"end":{"line":14,"column":null}},"5":{"start":{"line":15,"column":21},"end":{"line":15,"column":null}},"6":{"start":{"line":16,"column":21},"end":{"line":16,"column":null}},"7":{"start":{"line":18,"column":4},"end":{"line":20,"column":null}},"8":{"start":{"line":21,"column":26},"end":{"line":21,"column":null}},"9":{"start":{"line":22,"column":25},"end":{"line":22,"column":null}},"10":{"start":{"line":24,"column":24},"end":{"line":24,"column":null}},"11":{"start":{"line":25,"column":25},"end":{"line":25,"column":null}},"12":{"start":{"line":27,"column":2},"end":{"line":38,"column":null}},"13":{"start":{"line":43,"column":2},"end":{"line":43,"column":null}},"14":{"start":{"line":43,"column":25},"end":{"line":43,"column":null}},"15":{"start":{"line":44,"column":2},"end":{"line":44,"column":null}},"16":{"start":{"line":44,"column":26},"end":{"line":44,"column":null}},"17":{"start":{"line":45,"column":2},"end":{"line":45,"column":null}},"18":{"start":{"line":45,"column":26},"end":{"line":45,"column":null}},"19":{"start":{"line":46,"column":2},"end":{"line":46,"column":null}},"20":{"start":{"line":46,"column":26},"end":{"line":46,"column":null}},"21":{"start":{"line":47,"column":2},"end":{"line":47,"column":null}},"22":{"start":{"line":52,"column":2},"end":{"line":52,"column":null}},"23":{"start":{"line":52,"column":18},"end":{"line":52,"column":null}},"24":{"start":{"line":53,"column":2},"end":{"line":53,"column":null}},"25":{"start":{"line":53,"column":19},"end":{"line":53,"column":null}},"26":{"start":{"line":55,"column":20},"end":{"line":55,"column":null}},"27":{"start":{"line":56,"column":23},"end":{"line":56,"column":null}},"28":{"start":{"line":57,"column":15},"end":{"line":57,"column":null}},"29":{"start":{"line":58,"column":30},"end":{"line":58,"column":null}},"30":{"start":{"line":60,"column":2},"end":{"line":62,"column":null}},"31":{"start":{"line":60,"column":15},"end":{"line":60,"column":18}},"32":{"start":{"line":61,"column":4},"end":{"line":61,"column":null}},"33":{"start":{"line":63,"column":2},"end":{"line":63,"column":null}},"34":{"start":{"line":68,"column":2},"end":{"line":68,"column":null}},"35":{"start":{"line":68,"column":23},"end":{"line":68,"column":null}},"36":{"start":{"line":69,"column":18},"end":{"line":69,"column":null}},"37":{"start":{"line":70,"column":2},"end":{"line":70,"column":null}},"38":{"start":{"line":70,"column":54},"end":{"line":70,"column":83}}},"fnMap":{"0":{"name":"computeDimensions","decl":{"start":{"line":8,"column":16},"end":{"line":8,"column":34}},"loc":{"start":{"line":8,"column":73},"end":{"line":39,"column":null}},"line":8},"1":{"name":"computeHingesPerDoor","decl":{"start":{"line":42,"column":16},"end":{"line":42,"column":37}},"loc":{"start":{"line":42,"column":65},"end":{"line":48,"column":null}},"line":42},"2":{"name":"computeHingePositions","decl":{"start":{"line":51,"column":16},"end":{"line":51,"column":38}},"loc":{"start":{"line":51,"column":83},"end":{"line":64,"column":null}},"line":51},"3":{"name":"computeEqualShelfPositions","decl":{"start":{"line":67,"column":16},"end":{"line":67,"column":43}},"loc":{"start":{"line":67,"column":97},"end":{"line":71,"column":null}},"line":67},"4":{"name":"(anonymous_4)","decl":{"start":{"line":70,"column":44},"end":{"line":70,"column":45}},"loc":{"start":{"line":70,"column":54},"end":{"line":70,"column":83}},"line":70}},"branchMap":{"0":{"loc":{"start":{"line":18,"column":4},"end":{"line":20,"column":null}},"type":"cond-expr","locations":[{"start":{"line":18,"column":22},"end":{"line":19,"column":null}},{"start":{"line":20,"column":8},"end":{"line":20,"column":null}}],"line":18},"1":{"loc":{"start":{"line":43,"column":2},"end":{"line":43,"column":null}},"type":"if","locations":[{"start":{"line":43,"column":2},"end":{"line":43,"column":null}},{"start":{},"end":{}}],"line":43},"2":{"loc":{"start":{"line":44,"column":2},"end":{"line":44,"column":null}},"type":"if","locations":[{"start":{"line":44,"column":2},"end":{"line":44,"column":null}},{"start":{},"end":{}}],"line":44},"3":{"loc":{"start":{"line":45,"column":2},"end":{"line":45,"column":null}},"type":"if","locations":[{"start":{"line":45,"column":2},"end":{"line":45,"column":null}},{"start":{},"end":{}}],"line":45},"4":{"loc":{"start":{"line":46,"column":2},"end":{"line":46,"column":null}},"type":"if","locations":[{"start":{"line":46,"column":2},"end":{"line":46,"column":null}},{"start":{},"end":{}}],"line":46},"5":{"loc":{"start":{"line":52,"column":2},"end":{"line":52,"column":null}},"type":"if","locations":[{"start":{"line":52,"column":2},"end":{"line":52,"column":null}},{"start":{},"end":{}}],"line":52},"6":{"loc":{"start":{"line":53,"column":2},"end":{"line":53,"column":null}},"type":"if","locations":[{"start":{"line":53,"column":2},"end":{"line":53,"column":null}},{"start":{},"end":{}}],"line":53},"7":{"loc":{"start":{"line":68,"column":2},"end":{"line":68,"column":null}},"type":"if","locations":[{"start":{"line":68,"column":2},"end":{"line":68,"column":null}},{"start":{},"end":{}}],"line":68}},"s":{"0":1461,"1":1461,"2":1461,"3":1461,"4":1461,"5":1461,"6":1461,"7":1461,"8":1461,"9":1461,"10":1461,"11":1461,"12":1461,"13":1469,"14":32,"15":1437,"16":7,"17":1430,"18":2,"19":1428,"20":1427,"21":1,"22":1464,"23":1,"24":1463,"25":1463,"26":1462,"27":1462,"28":1462,"29":1462,"30":1462,"31":1462,"32":7210,"33":1462,"34":2,"35":1,"36":1,"37":1,"38":4},"f":{"0":1461,"1":1469,"2":1464,"3":2,"4":4},"b":{"0":[1458,3],"1":[32,1437],"2":[7,1430],"3":[2,1428],"4":[1427,1],"5":[1,1463],"6":[1,1462],"7":[1,1]},"meta":{"lastBranch":8,"lastFunction":5,"lastStatement":39,"seen":{"f:8:16:8:34":0,"s:9:8:9:Infinity":0,"s:10:12:10:Infinity":1,"s:12:24:12:Infinity":2,"s:13:25:13:Infinity":3,"s:14:21:14:Infinity":4,"s:15:21:15:Infinity":5,"s:16:21:16:Infinity":6,"s:18:4:20:Infinity":7,"b:18:22:19:Infinity:20:8:20:Infinity":0,"s:21:26:21:Infinity":8,"s:22:25:22:Infinity":9,"s:24:24:24:Infinity":10,"s:25:25:25:Infinity":11,"s:27:2:38:Infinity":12,"f:42:16:42:37":1,"b:43:2:43:Infinity:undefined:undefined:undefined:undefined":1,"s:43:2:43:Infinity":13,"s:43:25:43:Infinity":14,"b:44:2:44:Infinity:undefined:undefined:undefined:undefined":2,"s:44:2:44:Infinity":15,"s:44:26:44:Infinity":16,"b:45:2:45:Infinity:undefined:undefined:undefined:undefined":3,"s:45:2:45:Infinity":17,"s:45:26:45:Infinity":18,"b:46:2:46:Infinity:undefined:undefined:undefined:undefined":4,"s:46:2:46:Infinity":19,"s:46:26:46:Infinity":20,"s:47:2:47:Infinity":21,"f:51:16:51:38":2,"b:52:2:52:Infinity:undefined:undefined:undefined:undefined":5,"s:52:2:52:Infinity":22,"s:52:18:52:Infinity":23,"b:53:2:53:Infinity:undefined:undefined:undefined:undefined":6,"s:53:2:53:Infinity":24,"s:53:19:53:Infinity":25,"s:55:20:55:Infinity":26,"s:56:23:56:Infinity":27,"s:57:15:57:Infinity":28,"s:58:30:58:Infinity":29,"s:60:2:62:Infinity":30,"s:60:15:60:18":31,"s:61:4:61:Infinity":32,"s:63:2:63:Infinity":33,"f:67:16:67:43":3,"b:68:2:68:Infinity:undefined:undefined:undefined:undefined":7,"s:68:2:68:Infinity":34,"s:68:23:68:Infinity":35,"s:69:18:69:Infinity":36,"s:70:2:70:Infinity":37,"f:70:44:70:45":4,"s:70:54:70:83":38}}}
,"C:\\Users\\ryair\\OneDrive - Intel Corporation\\Documents\\MyScripts\\WoodworkingShop\\src\\engine\\hardware.ts": {"path":"C:\\Users\\ryair\\OneDrive - Intel Corporation\\Documents\\MyScripts\\WoodworkingShop\\src\\engine\\hardware.ts","statementMap":{"0":{"start":{"line":9,"column":8},"end":{"line":9,"column":null}},"1":{"start":{"line":10,"column":32},"end":{"line":10,"column":null}},"2":{"start":{"line":11,"column":19},"end":{"line":11,"column":null}},"3":{"start":{"line":14,"column":2},"end":{"line":29,"column":null}},"4":{"start":{"line":15,"column":4},"end":{"line":20,"column":null}},"5":{"start":{"line":23,"column":4},"end":{"line":28,"column":null}},"6":{"start":{"line":32,"column":2},"end":{"line":39,"column":null}},"7":{"start":{"line":33,"column":4},"end":{"line":38,"column":null}},"8":{"start":{"line":43,"column":26},"end":{"line":43,"column":null}},"9":{"start":{"line":44,"column":23},"end":{"line":44,"column":null}},"10":{"start":{"line":45,"column":2},"end":{"line":50,"column":null}},"11":{"start":{"line":53,"column":2},"end":{"line":58,"column":null}},"12":{"start":{"line":61,"column":24},"end":{"line":61,"column":null}},"13":{"start":{"line":62,"column":22},"end":{"line":62,"column":null}},"14":{"start":{"line":63,"column":2},"end":{"line":68,"column":null}},"15":{"start":{"line":71,"column":2},"end":{"line":76,"column":null}},"16":{"start":{"line":79,"column":21},"end":{"line":79,"column":null}},"17":{"start":{"line":80,"column":2},"end":{"line":85,"column":null}},"18":{"start":{"line":88,"column":2},"end":{"line":95,"column":null}},"19":{"start":{"line":89,"column":4},"end":{"line":94,"column":null}},"20":{"start":{"line":98,"column":2},"end":{"line":103,"column":null}},"21":{"start":{"line":106,"column":2},"end":{"line":123,"column":null}},"22":{"start":{"line":107,"column":4},"end":{"line":112,"column":null}},"23":{"start":{"line":115,"column":4},"end":{"line":122,"column":null}},"24":{"start":{"line":116,"column":6},"end":{"line":121,"column":null}},"25":{"start":{"line":125,"column":2},"end":{"line":125,"column":null}},"26":{"start":{"line":129,"column":2},"end":{"line":140,"column":null}},"27":{"start":{"line":131,"column":6},"end":{"line":131,"column":null}},"28":{"start":{"line":133,"column":6},"end":{"line":133,"column":null}},"29":{"start":{"line":135,"column":6},"end":{"line":135,"column":null}},"30":{"start":{"line":137,"column":6},"end":{"line":137,"column":null}},"31":{"start":{"line":139,"column":6},"end":{"line":139,"column":null}}},"fnMap":{"0":{"name":"generateHardware","decl":{"start":{"line":8,"column":16},"end":{"line":8,"column":33}},"loc":{"start":{"line":8,"column":69},"end":{"line":126,"column":null}},"line":8},"1":{"name":"handleName","decl":{"start":{"line":128,"column":9},"end":{"line":128,"column":20}},"loc":{"start":{"line":128,"column":63},"end":{"line":141,"column":null}},"line":128}},"branchMap":{"0":{"loc":{"start":{"line":11,"column":19},"end":{"line":11,"column":null}},"type":"binary-expr","locations":[{"start":{"line":11,"column":19},"end":{"line":11,"column":47}},{"start":{"line":11,"column":47},"end":{"line":11,"column":null}}],"line":11},"1":{"loc":{"start":{"line":14,"column":2},"end":{"line":29,"column":null}},"type":"if","locations":[{"start":{"line":14,"column":2},"end":{"line":29,"column":null}},{"start":{},"end":{}}],"line":14},"2":{"loc":{"start":{"line":32,"column":2},"end":{"line":39,"column":null}},"type":"if","locations":[{"start":{"line":32,"column":2},"end":{"line":39,"column":null}},{"start":{},"end":{}}],"line":32},"3":{"loc":{"start":{"line":43,"column":26},"end":{"line":43,"column":null}},"type":"cond-expr","locations":[{"start":{"line":43,"column":46},"end":{"line":43,"column":50}},{"start":{"line":43,"column":50},"end":{"line":43,"column":null}}],"line":43},"4":{"loc":{"start":{"line":74,"column":9},"end":{"line":74,"column":null}},"type":"cond-expr","locations":[{"start":{"line":74,"column":28},"end":{"line":74,"column":32}},{"start":{"line":74,"column":32},"end":{"line":74,"column":null}}],"line":74},"5":{"loc":{"start":{"line":79,"column":21},"end":{"line":79,"column":null}},"type":"cond-expr","locations":[{"start":{"line":79,"column":40},"end":{"line":79,"column":44}},{"start":{"line":79,"column":44},"end":{"line":79,"column":null}}],"line":79},"6":{"loc":{"start":{"line":88,"column":2},"end":{"line":95,"column":null}},"type":"if","locations":[{"start":{"line":88,"column":2},"end":{"line":95,"column":null}},{"start":{},"end":{}}],"line":88},"7":{"loc":{"start":{"line":88,"column":6},"end":{"line":88,"column":46}},"type":"binary-expr","locations":[{"start":{"line":88,"column":6},"end":{"line":88,"column":18}},{"start":{"line":88,"column":18},"end":{"line":88,"column":46}}],"line":88},"8":{"loc":{"start":{"line":106,"column":2},"end":{"line":123,"column":null}},"type":"if","locations":[{"start":{"line":106,"column":2},"end":{"line":123,"column":null}},{"start":{},"end":{}}],"line":106},"9":{"loc":{"start":{"line":115,"column":4},"end":{"line":122,"column":null}},"type":"if","locations":[{"start":{"line":115,"column":4},"end":{"line":122,"column":null}},{"start":{},"end":{}}],"line":115},"10":{"loc":{"start":{"line":129,"column":2},"end":{"line":140,"column":null}},"type":"switch","locations":[{"start":{"line":130,"column":4},"end":{"line":131,"column":null}},{"start":{"line":132,"column":4},"end":{"line":133,"column":null}},{"start":{"line":134,"column":4},"end":{"line":135,"column":null}},{"start":{"line":136,"column":4},"end":{"line":137,"column":null}},{"start":{"line":138,"column":4},"end":{"line":139,"column":null}}],"line":129}},"s":{"0":46,"1":46,"2":46,"3":46,"4":45,"5":45,"6":46,"7":46,"8":46,"9":46,"10":46,"11":46,"12":46,"13":46,"14":46,"15":46,"16":46,"17":46,"18":46,"19":43,"20":46,"21":46,"22":3,"23":3,"24":2,"25":46,"26":45,"27":45,"28":0,"29":0,"30":0,"31":0},"f":{"0":46,"1":45},"b":{"0":[46,45],"1":[45,1],"2":[46,0],"3":[46,0],"4":[43,3],"5":[43,3],"6":[43,3],"7":[46,45],"8":[3,43],"9":[2,1],"10":[45,0,0,0,0]},"meta":{"lastBranch":11,"lastFunction":2,"lastStatement":32,"seen":{"f:8:16:8:33":0,"s:9:8:9:Infinity":0,"s:10:32:10:Infinity":1,"s:11:19:11:Infinity":2,"b:11:19:11:47:11:47:11:Infinity":0,"b:14:2:29:Infinity:undefined:undefined:undefined:undefined":1,"s:14:2:29:Infinity":3,"s:15:4:20:Infinity":4,"s:23:4:28:Infinity":5,"b:32:2:39:Infinity:undefined:undefined:undefined:undefined":2,"s:32:2:39:Infinity":6,"s:33:4:38:Infinity":7,"s:43:26:43:Infinity":8,"b:43:46:43:50:43:50:43:Infinity":3,"s:44:23:44:Infinity":9,"s:45:2:50:Infinity":10,"s:53:2:58:Infinity":11,"s:61:24:61:Infinity":12,"s:62:22:62:Infinity":13,"s:63:2:68:Infinity":14,"s:71:2:76:Infinity":15,"b:74:28:74:32:74:32:74:Infinity":4,"s:79:21:79:Infinity":16,"b:79:40:79:44:79:44:79:Infinity":5,"s:80:2:85:Infinity":17,"b:88:2:95:Infinity:undefined:undefined:undefined:undefined":6,"s:88:2:95:Infinity":18,"b:88:6:88:18:88:18:88:46":7,"s:89:4:94:Infinity":19,"s:98:2:103:Infinity":20,"b:106:2:123:Infinity:undefined:undefined:undefined:undefined":8,"s:106:2:123:Infinity":21,"s:107:4:112:Infinity":22,"b:115:4:122:Infinity:undefined:undefined:undefined:undefined":9,"s:115:4:122:Infinity":23,"s:116:6:121:Infinity":24,"s:125:2:125:Infinity":25,"f:128:9:128:20":1,"b:130:4:131:Infinity:132:4:133:Infinity:134:4:135:Infinity:136:4:137:Infinity:138:4:139:Infinity":10,"s:129:2:140:Infinity":26,"s:131:6:131:Infinity":27,"s:133:6:133:Infinity":28,"s:135:6:135:Infinity":29,"s:137:6:137:Infinity":30,"s:139:6:139:Infinity":31}}}
,"C:\\Users\\ryair\\OneDrive - Intel Corporation\\Documents\\MyScripts\\WoodworkingShop\\src\\engine\\index.ts": {"path":"C:\\Users\\ryair\\OneDrive - Intel Corporation\\Documents\\MyScripts\\WoodworkingShop\\src\\engine\\index.ts","statementMap":{},"fnMap":{},"branchMap":{},"s":{},"f":{},"b":{},"meta":{"lastBranch":0,"lastFunction":0,"lastStatement":0,"seen":{}}}
,"C:\\Users\\ryair\\OneDrive - Intel Corporation\\Documents\\MyScripts\\WoodworkingShop\\src\\engine\\materials.ts": {"path":"C:\\Users\\ryair\\OneDrive - Intel Corporation\\Documents\\MyScripts\\WoodworkingShop\\src\\engine\\materials.ts","statementMap":{"0":{"start":{"line":5,"column":37},"end":{"line":131,"column":null}},"1":{"start":{"line":133,"column":24},"end":{"line":133,"column":null}},"2":{"start":{"line":138,"column":14},"end":{"line":138,"column":null}},"3":{"start":{"line":139,"column":12},"end":{"line":139,"column":null}},"4":{"start":{"line":139,"column":30},"end":{"line":139,"column":45}},"5":{"start":{"line":140,"column":2},"end":{"line":140,"column":null}},"6":{"start":{"line":140,"column":10},"end":{"line":140,"column":null}},"7":{"start":{"line":141,"column":2},"end":{"line":141,"column":null}},"8":{"start":{"line":145,"column":2},"end":{"line":145,"column":null}},"9":{"start":{"line":145,"column":33},"end":{"line":145,"column":55}},"10":{"start":{"line":149,"column":2},"end":{"line":149,"column":null}},"11":{"start":{"line":149,"column":33},"end":{"line":149,"column":54}},"12":{"start":{"line":154,"column":45},"end":{"line":171,"column":null}},"13":{"start":{"line":173,"column":58},"end":{"line":184,"column":null}},"14":{"start":{"line":186,"column":53},"end":{"line":197,"column":null}},"15":{"start":{"line":199,"column":57},"end":{"line":210,"column":null}},"16":{"start":{"line":214,"column":27},"end":{"line":225,"column":null}}},"fnMap":{"0":{"name":"getMaterial","decl":{"start":{"line":137,"column":16},"end":{"line":137,"column":28}},"loc":{"start":{"line":137,"column":80},"end":{"line":142,"column":null}},"line":137},"1":{"name":"(anonymous_1)","decl":{"start":{"line":139,"column":21},"end":{"line":139,"column":22}},"loc":{"start":{"line":139,"column":30},"end":{"line":139,"column":45}},"line":139},"2":{"name":"panelMaterials","decl":{"start":{"line":144,"column":16},"end":{"line":144,"column":45}},"loc":{"start":{"line":144,"column":45},"end":{"line":146,"column":null}},"line":144},"3":{"name":"(anonymous_3)","decl":{"start":{"line":145,"column":26},"end":{"line":145,"column":27}},"loc":{"start":{"line":145,"column":33},"end":{"line":145,"column":55}},"line":145},"4":{"name":"backMaterials","decl":{"start":{"line":148,"column":16},"end":{"line":148,"column":44}},"loc":{"start":{"line":148,"column":44},"end":{"line":150,"column":null}},"line":148},"5":{"name":"(anonymous_5)","decl":{"start":{"line":149,"column":26},"end":{"line":149,"column":27}},"loc":{"start":{"line":149,"column":33},"end":{"line":149,"column":54}},"line":149}},"branchMap":{"0":{"loc":{"start":{"line":138,"column":14},"end":{"line":138,"column":null}},"type":"cond-expr","locations":[{"start":{"line":138,"column":31},"end":{"line":138,"column":67}},{"start":{"line":138,"column":67},"end":{"line":138,"column":null}}],"line":138},"1":{"loc":{"start":{"line":140,"column":2},"end":{"line":140,"column":null}},"type":"if","locations":[{"start":{"line":140,"column":2},"end":{"line":140,"column":null}},{"start":{},"end":{}}],"line":140}},"s":{"0":19,"1":19,"2":6989,"3":6989,"4":32402,"5":6989,"6":2,"7":6987,"8":8,"9":96,"10":8,"11":96,"12":19,"13":19,"14":19,"15":19,"16":19},"f":{"0":6989,"1":32402,"2":8,"3":96,"4":8,"5":96},"b":{"0":[0,6989],"1":[2,6987]},"meta":{"lastBranch":2,"lastFunction":6,"lastStatement":17,"seen":{"s:5:37:131:Infinity":0,"s:133:24:133:Infinity":1,"f:137:16:137:28":0,"s:138:14:138:Infinity":2,"b:138:31:138:67:138:67:138:Infinity":0,"s:139:12:139:Infinity":3,"f:139:21:139:22":1,"s:139:30:139:45":4,"b:140:2:140:Infinity:undefined:undefined:undefined:undefined":1,"s:140:2:140:Infinity":5,"s:140:10:140:Infinity":6,"s:141:2:141:Infinity":7,"f:144:16:144:45":2,"s:145:2:145:Infinity":8,"f:145:26:145:27":3,"s:145:33:145:55":9,"f:148:16:148:44":4,"s:149:2:149:Infinity":10,"f:149:26:149:27":5,"s:149:33:149:54":11,"s:154:45:171:Infinity":12,"s:173:58:184:Infinity":13,"s:186:53:197:Infinity":14,"s:199:57:210:Infinity":15,"s:214:27:225:Infinity":16}}}
,"C:\\Users\\ryair\\OneDrive - Intel Corporation\\Documents\\MyScripts\\WoodworkingShop\\src\\engine\\parts.ts": {"path":"C:\\Users\\ryair\\OneDrive - Intel Corporation\\Documents\\MyScripts\\WoodworkingShop\\src\\engine\\parts.ts","statementMap":{"0":{"start":{"line":10,"column":8},"end":{"line":10,"column":null}},"1":{"start":{"line":11,"column":8},"end":{"line":11,"column":null}},"2":{"start":{"line":12,"column":8},"end":{"line":12,"column":null}},"3":{"start":{"line":13,"column":12},"end":{"line":13,"column":null}},"4":{"start":{"line":14,"column":13},"end":{"line":14,"column":null}},"5":{"start":{"line":16,"column":24},"end":{"line":16,"column":null}},"6":{"start":{"line":17,"column":12},"end":{"line":17,"column":null}},"7":{"start":{"line":18,"column":13},"end":{"line":18,"column":null}},"8":{"start":{"line":18,"column":19},"end":{"line":18,"column":null}},"9":{"start":{"line":19,"column":22},"end":{"line":19,"column":null}},"10":{"start":{"line":20,"column":17},"end":{"line":20,"column":null}},"11":{"start":{"line":23,"column":2},"end":{"line":88,"column":null}},"12":{"start":{"line":25,"column":4},"end":{"line":34,"column":null}},"13":{"start":{"line":37,"column":4},"end":{"line":46,"column":null}},"14":{"start":{"line":49,"column":26},"end":{"line":49,"column":null}},"15":{"start":{"line":50,"column":4},"end":{"line":59,"column":null}},"16":{"start":{"line":62,"column":4},"end":{"line":71,"column":null}},"17":{"start":{"line":74,"column":4},"end":{"line":85,"column":null}},"18":{"start":{"line":75,"column":6},"end":{"line":84,"column":null}},"19":{"start":{"line":87,"column":4},"end":{"line":87,"column":null}},"20":{"start":{"line":90,"column":21},"end":{"line":90,"column":null}},"21":{"start":{"line":93,"column":2},"end":{"line":102,"column":null}},"22":{"start":{"line":105,"column":18},"end":{"line":105,"column":null}},"23":{"start":{"line":106,"column":2},"end":{"line":115,"column":null}},"24":{"start":{"line":116,"column":2},"end":{"line":125,"column":null}},"25":{"start":{"line":128,"column":2},"end":{"line":139,"column":null}},"26":{"start":{"line":129,"column":4},"end":{"line":138,"column":null}},"27":{"start":{"line":142,"column":2},"end":{"line":153,"column":null}},"28":{"start":{"line":143,"column":4},"end":{"line":152,"column":null}},"29":{"start":{"line":156,"column":2},"end":{"line":168,"column":null}},"30":{"start":{"line":157,"column":20},"end":{"line":157,"column":null}},"31":{"start":{"line":158,"column":4},"end":{"line":167,"column":null}},"32":{"start":{"line":171,"column":2},"end":{"line":223,"column":null}},"33":{"start":{"line":172,"column":25},"end":{"line":172,"column":null}},"34":{"start":{"line":173,"column":24},"end":{"line":173,"column":null}},"35":{"start":{"line":174,"column":24},"end":{"line":174,"column":null}},"36":{"start":{"line":177,"column":4},"end":{"line":186,"column":null}},"37":{"start":{"line":189,"column":4},"end":{"line":198,"column":null}},"38":{"start":{"line":201,"column":4},"end":{"line":210,"column":null}},"39":{"start":{"line":213,"column":4},"end":{"line":222,"column":null}},"40":{"start":{"line":226,"column":2},"end":{"line":235,"column":null}},"41":{"start":{"line":238,"column":2},"end":{"line":249,"column":null}},"42":{"start":{"line":239,"column":4},"end":{"line":248,"column":null}},"43":{"start":{"line":251,"column":2},"end":{"line":251,"column":null}},"44":{"start":{"line":262,"column":2},"end":{"line":269,"column":null}},"45":{"start":{"line":264,"column":6},"end":{"line":264,"column":null}},"46":{"start":{"line":266,"column":6},"end":{"line":266,"column":null}},"47":{"start":{"line":268,"column":6},"end":{"line":268,"column":null}},"48":{"start":{"line":276,"column":14},"end":{"line":276,"column":null}},"49":{"start":{"line":277,"column":2},"end":{"line":283,"column":null}},"50":{"start":{"line":278,"column":4},"end":{"line":282,"column":null}},"51":{"start":{"line":279,"column":6},"end":{"line":279,"column":null}},"52":{"start":{"line":280,"column":4},"end":{"line":282,"column":null}},"53":{"start":{"line":281,"column":6},"end":{"line":281,"column":null}},"54":{"start":{"line":284,"column":2},"end":{"line":284,"column":null}}},"fnMap":{"0":{"name":"generateParts","decl":{"start":{"line":9,"column":16},"end":{"line":9,"column":30}},"loc":{"start":{"line":9,"column":58},"end":{"line":252,"column":null}},"line":9},"1":{"name":"(anonymous_1)","decl":{"start":{"line":18,"column":13},"end":{"line":18,"column":19}},"loc":{"start":{"line":18,"column":19},"end":{"line":18,"column":null}},"line":18},"2":{"name":"edgeLabel","decl":{"start":{"line":261,"column":9},"end":{"line":261,"column":19}},"loc":{"start":{"line":261,"column":63},"end":{"line":270,"column":null}},"line":261},"3":{"name":"computeEdgeBandingTotal","decl":{"start":{"line":275,"column":16},"end":{"line":275,"column":40}},"loc":{"start":{"line":275,"column":63},"end":{"line":285,"column":null}},"line":275}},"branchMap":{"0":{"loc":{"start":{"line":23,"column":2},"end":{"line":88,"column":null}},"type":"if","locations":[{"start":{"line":23,"column":2},"end":{"line":88,"column":null}},{"start":{},"end":{}}],"line":23},"1":{"loc":{"start":{"line":33,"column":29},"end":{"line":33,"column":63}},"type":"cond-expr","locations":[{"start":{"line":33,"column":45},"end":{"line":33,"column":57}},{"start":{"line":33,"column":57},"end":{"line":33,"column":63}}],"line":33},"2":{"loc":{"start":{"line":45,"column":29},"end":{"line":45,"column":61}},"type":"cond-expr","locations":[{"start":{"line":45,"column":45},"end":{"line":45,"column":55}},{"start":{"line":45,"column":55},"end":{"line":45,"column":61}}],"line":45},"3":{"loc":{"start":{"line":74,"column":4},"end":{"line":85,"column":null}},"type":"if","locations":[{"start":{"line":74,"column":4},"end":{"line":85,"column":null}},{"start":{},"end":{}}],"line":74},"4":{"loc":{"start":{"line":83,"column":31},"end":{"line":83,"column":63}},"type":"cond-expr","locations":[{"start":{"line":83,"column":47},"end":{"line":83,"column":57}},{"start":{"line":83,"column":57},"end":{"line":83,"column":63}}],"line":83},"5":{"loc":{"start":{"line":101,"column":27},"end":{"line":101,"column":59}},"type":"cond-expr","locations":[{"start":{"line":101,"column":43},"end":{"line":101,"column":53}},{"start":{"line":101,"column":53},"end":{"line":101,"column":59}}],"line":101},"6":{"loc":{"start":{"line":114,"column":27},"end":{"line":114,"column":59}},"type":"cond-expr","locations":[{"start":{"line":114,"column":43},"end":{"line":114,"column":53}},{"start":{"line":114,"column":53},"end":{"line":114,"column":59}}],"line":114},"7":{"loc":{"start":{"line":124,"column":27},"end":{"line":124,"column":59}},"type":"cond-expr","locations":[{"start":{"line":124,"column":43},"end":{"line":124,"column":53}},{"start":{"line":124,"column":53},"end":{"line":124,"column":59}}],"line":124},"8":{"loc":{"start":{"line":128,"column":2},"end":{"line":139,"column":null}},"type":"if","locations":[{"start":{"line":128,"column":2},"end":{"line":139,"column":null}},{"start":{},"end":{}}],"line":128},"9":{"loc":{"start":{"line":137,"column":29},"end":{"line":137,"column":61}},"type":"cond-expr","locations":[{"start":{"line":137,"column":45},"end":{"line":137,"column":55}},{"start":{"line":137,"column":55},"end":{"line":137,"column":61}}],"line":137},"10":{"loc":{"start":{"line":142,"column":2},"end":{"line":153,"column":null}},"type":"if","locations":[{"start":{"line":142,"column":2},"end":{"line":153,"column":null}},{"start":{},"end":{}}],"line":142},"11":{"loc":{"start":{"line":151,"column":29},"end":{"line":151,"column":61}},"type":"cond-expr","locations":[{"start":{"line":151,"column":45},"end":{"line":151,"column":55}},{"start":{"line":151,"column":55},"end":{"line":151,"column":61}}],"line":151},"12":{"loc":{"start":{"line":156,"column":2},"end":{"line":168,"column":null}},"type":"if","locations":[{"start":{"line":156,"column":2},"end":{"line":168,"column":null}},{"start":{},"end":{}}],"line":156},"13":{"loc":{"start":{"line":156,"column":6},"end":{"line":156,"column":59}},"type":"binary-expr","locations":[{"start":{"line":156,"column":6},"end":{"line":156,"column":34}},{"start":{"line":156,"column":34},"end":{"line":156,"column":50}},{"start":{"line":156,"column":50},"end":{"line":156,"column":59}}],"line":156},"14":{"loc":{"start":{"line":161,"column":12},"end":{"line":161,"column":null}},"type":"cond-expr","locations":[{"start":{"line":161,"column":22},"end":{"line":161,"column":63}},{"start":{"line":161,"column":63},"end":{"line":161,"column":null}}],"line":161},"15":{"loc":{"start":{"line":162,"column":16},"end":{"line":162,"column":null}},"type":"cond-expr","locations":[{"start":{"line":162,"column":26},"end":{"line":162,"column":47}},{"start":{"line":162,"column":47},"end":{"line":162,"column":null}}],"line":162},"16":{"loc":{"start":{"line":163,"column":17},"end":{"line":163,"column":null}},"type":"cond-expr","locations":[{"start":{"line":163,"column":27},"end":{"line":163,"column":31}},{"start":{"line":163,"column":31},"end":{"line":163,"column":null}}],"line":163},"17":{"loc":{"start":{"line":166,"column":29},"end":{"line":166,"column":82}},"type":"cond-expr","locations":[{"start":{"line":166,"column":39},"end":{"line":166,"column":48}},{"start":{"line":166,"column":48},"end":{"line":166,"column":82}}],"line":166},"18":{"loc":{"start":{"line":166,"column":48},"end":{"line":166,"column":82}},"type":"cond-expr","locations":[{"start":{"line":166,"column":64},"end":{"line":166,"column":76}},{"start":{"line":166,"column":76},"end":{"line":166,"column":82}}],"line":166},"19":{"loc":{"start":{"line":171,"column":2},"end":{"line":223,"column":null}},"type":"if","locations":[{"start":{"line":171,"column":2},"end":{"line":223,"column":null}},{"start":{},"end":{}}],"line":171},"20":{"loc":{"start":{"line":171,"column":6},"end":{"line":171,"column":54}},"type":"binary-expr","locations":[{"start":{"line":171,"column":6},"end":{"line":171,"column":29}},{"start":{"line":171,"column":29},"end":{"line":171,"column":45}},{"start":{"line":171,"column":45},"end":{"line":171,"column":54}}],"line":171},"21":{"loc":{"start":{"line":185,"column":29},"end":{"line":185,"column":63}},"type":"cond-expr","locations":[{"start":{"line":185,"column":45},"end":{"line":185,"column":57}},{"start":{"line":185,"column":57},"end":{"line":185,"column":63}}],"line":185},"22":{"loc":{"start":{"line":238,"column":2},"end":{"line":249,"column":null}},"type":"if","locations":[{"start":{"line":238,"column":2},"end":{"line":249,"column":null}},{"start":{},"end":{}}],"line":238},"23":{"loc":{"start":{"line":262,"column":2},"end":{"line":269,"column":null}},"type":"switch","locations":[{"start":{"line":263,"column":4},"end":{"line":264,"column":null}},{"start":{"line":265,"column":4},"end":{"line":266,"column":null}},{"start":{"line":267,"column":4},"end":{"line":268,"column":null}}],"line":262},"24":{"loc":{"start":{"line":278,"column":4},"end":{"line":282,"column":null}},"type":"if","locations":[{"start":{"line":278,"column":4},"end":{"line":282,"column":null}},{"start":{"line":280,"column":4},"end":{"line":282,"column":null}}],"line":278},"25":{"loc":{"start":{"line":280,"column":4},"end":{"line":282,"column":null}},"type":"if","locations":[{"start":{"line":280,"column":4},"end":{"line":282,"column":null}},{"start":{},"end":{}}],"line":280}},"s":{"0":1365,"1":1365,"2":1365,"3":1365,"4":1365,"5":1365,"6":1365,"7":1365,"8":9524,"9":1365,"10":1365,"11":1365,"12":3,"13":3,"14":3,"15":3,"16":3,"17":3,"18":2,"19":3,"20":1362,"21":1362,"22":1365,"23":1365,"24":1365,"25":1365,"26":1331,"27":1362,"28":1362,"29":1362,"30":1360,"31":1360,"32":1362,"33":2,"34":2,"35":2,"36":2,"37":2,"38":2,"39":2,"40":1362,"41":1362,"42":1,"43":1362,"44":9524,"45":6779,"46":1364,"47":1381,"48":40,"49":40,"50":280,"51":195,"52":85,"53":39,"54":40},"f":{"0":1365,"1":9524,"2":9524,"3":40},"b":{"0":[3,1362],"1":[3,0],"2":[3,0],"3":[2,1],"4":[2,0],"5":[1361,1],"6":[1361,1],"7":[1361,1],"8":[1331,34],"9":[1330,1],"10":[1362,0],"11":[1361,1],"12":[1360,2],"13":[1362,1361,1360],"14":[0,1360],"15":[0,1360],"16":[0,1360],"17":[0,1360],"18":[1359,1],"19":[2,1360],"20":[1362,3,2],"21":[2,0],"22":[1,1361],"23":[6779,1364,1381],"24":[195,85],"25":[39,46]},"meta":{"lastBranch":26,"lastFunction":4,"lastStatement":55,"seen":{"f:9:16:9:30":0,"s:10:8:10:Infinity":0,"s:11:8:11:Infinity":1,"s:12:8:12:Infinity":2,"s:13:12:13:Infinity":3,"s:14:13:14:Infinity":4,"s:16:24:16:Infinity":5,"s:17:12:17:Infinity":6,"s:18:13:18:Infinity":7,"f:18:13:18:19":1,"s:18:19:18:Infinity":8,"s:19:22:19:Infinity":9,"s:20:17:20:Infinity":10,"b:23:2:88:Infinity:undefined:undefined:undefined:undefined":0,"s:23:2:88:Infinity":11,"s:25:4:34:Infinity":12,"b:33:45:33:57:33:57:33:63":1,"s:37:4:46:Infinity":13,"b:45:45:45:55:45:55:45:61":2,"s:49:26:49:Infinity":14,"s:50:4:59:Infinity":15,"s:62:4:71:Infinity":16,"b:74:4:85:Infinity:undefined:undefined:undefined:undefined":3,"s:74:4:85:Infinity":17,"s:75:6:84:Infinity":18,"b:83:47:83:57:83:57:83:63":4,"s:87:4:87:Infinity":19,"s:90:21:90:Infinity":20,"s:93:2:102:Infinity":21,"b:101:43:101:53:101:53:101:59":5,"s:105:18:105:Infinity":22,"s:106:2:115:Infinity":23,"b:114:43:114:53:114:53:114:59":6,"s:116:2:125:Infinity":24,"b:124:43:124:53:124:53:124:59":7,"b:128:2:139:Infinity:undefined:undefined:undefined:undefined":8,"s:128:2:139:Infinity":25,"s:129:4:138:Infinity":26,"b:137:45:137:55:137:55:137:61":9,"b:142:2:153:Infinity:undefined:undefined:undefined:undefined":10,"s:142:2:153:Infinity":27,"s:143:4:152:Infinity":28,"b:151:45:151:55:151:55:151:61":11,"b:156:2:168:Infinity:undefined:undefined:undefined:undefined":12,"s:156:2:168:Infinity":29,"b:156:6:156:34:156:34:156:50:156:50:156:59":13,"s:157:20:157:Infinity":30,"s:158:4:167:Infinity":31,"b:161:22:161:63:161:63:161:Infinity":14,"b:162:26:162:47:162:47:162:Infinity":15,"b:163:27:163:31:163:31:163:Infinity":16,"b:166:39:166:48:166:48:166:82":17,"b:166:64:166:76:166:76:166:82":18,"b:171:2:223:Infinity:undefined:undefined:undefined:undefined":19,"s:171:2:223:Infinity":32,"b:171:6:171:29:171:29:171:45:171:45:171:54":20,"s:172:25:172:Infinity":33,"s:173:24:173:Infinity":34,"s:174:24:174:Infinity":35,"s:177:4:186:Infinity":36,"b:185:45:185:57:185:57:185:63":21,"s:189:4:198:Infinity":37,"s:201:4:210:Infinity":38,"s:213:4:222:Infinity":39,"s:226:2:235:Infinity":40,"b:238:2:249:Infinity:undefined:undefined:undefined:undefined":22,"s:238:2:249:Infinity":41,"s:239:4:248:Infinity":42,"s:251:2:251:Infinity":43,"f:261:9:261:19":2,"b:263:4:264:Infinity:265:4:266:Infinity:267:4:268:Infinity":23,"s:262:2:269:Infinity":44,"s:264:6:264:Infinity":45,"s:266:6:266:Infinity":46,"s:268:6:268:Infinity":47,"f:275:16:275:40":3,"s:276:14:276:Infinity":48,"s:277:2:283:Infinity":49,"b:278:4:282:Infinity:280:4:282:Infinity":24,"s:278:4:282:Infinity":50,"s:279:6:279:Infinity":51,"b:280:4:282:Infinity:undefined:undefined:undefined:undefined":25,"s:280:4:282:Infinity":52,"s:281:6:281:Infinity":53,"s:284:2:284:Infinity":54}}}
,"C:\\Users\\ryair\\OneDrive - Intel Corporation\\Documents\\MyScripts\\WoodworkingShop\\src\\engine\\smart-optimizer.ts": {"path":"C:\\Users\\ryair\\OneDrive - Intel Corporation\\Documents\\MyScripts\\WoodworkingShop\\src\\engine\\smart-optimizer.ts","statementMap":{"0":{"start":{"line":13,"column":47},"end":{"line":17,"column":null}},"1":{"start":{"line":27,"column":15},"end":{"line":27,"column":null}},"2":{"start":{"line":28,"column":21},"end":{"line":28,"column":null}},"3":{"start":{"line":29,"column":48},"end":{"line":29,"column":null}},"4":{"start":{"line":31,"column":2},"end":{"line":55,"column":null}},"5":{"start":{"line":32,"column":23},"end":{"line":32,"column":null}},"6":{"start":{"line":33,"column":4},"end":{"line":54,"column":null}},"7":{"start":{"line":34,"column":6},"end":{"line":34,"column":null}},"8":{"start":{"line":34,"column":31},"end":{"line":34,"column":null}},"9":{"start":{"line":35,"column":21},"end":{"line":35,"column":null}},"10":{"start":{"line":36,"column":6},"end":{"line":36,"column":null}},"11":{"start":{"line":36,"column":55},"end":{"line":36,"column":null}},"12":{"start":{"line":37,"column":6},"end":{"line":37,"column":null}},"13":{"start":{"line":37,"column":107},"end":{"line":37,"column":null}},"14":{"start":{"line":39,"column":20},"end":{"line":39,"column":null}},"15":{"start":{"line":40,"column":6},"end":{"line":53,"column":null}},"16":{"start":{"line":58,"column":15},"end":{"line":58,"column":null}},"17":{"start":{"line":59,"column":2},"end":{"line":65,"column":null}},"18":{"start":{"line":60,"column":16},"end":{"line":60,"column":null}},"19":{"start":{"line":61,"column":21},"end":{"line":61,"column":null}},"20":{"start":{"line":62,"column":4},"end":{"line":64,"column":null}},"21":{"start":{"line":63,"column":6},"end":{"line":63,"column":null}},"22":{"start":{"line":67,"column":2},"end":{"line":67,"column":null}},"23":{"start":{"line":67,"column":43},"end":{"line":67,"column":60}},"24":{"start":{"line":73,"column":2},"end":{"line":86,"column":null}},"25":{"start":{"line":75,"column":6},"end":{"line":75,"column":null}},"26":{"start":{"line":77,"column":6},"end":{"line":77,"column":null}},"27":{"start":{"line":79,"column":6},"end":{"line":79,"column":null}},"28":{"start":{"line":81,"column":6},"end":{"line":81,"column":null}},"29":{"start":{"line":83,"column":6},"end":{"line":83,"column":null}},"30":{"start":{"line":85,"column":6},"end":{"line":85,"column":null}},"31":{"start":{"line":95,"column":8},"end":{"line":95,"column":null}},"32":{"start":{"line":96,"column":17},"end":{"line":96,"column":null}},"33":{"start":{"line":97,"column":38},"end":{"line":97,"column":null}},"34":{"start":{"line":100,"column":2},"end":{"line":110,"column":null}},"35":{"start":{"line":100,"column":15},"end":{"line":100,"column":18}},"36":{"start":{"line":102,"column":10},"end":{"line":102,"column":null}},"37":{"start":{"line":103,"column":4},"end":{"line":109,"column":null}},"38":{"start":{"line":108,"column":6},"end":{"line":108,"column":null}},"39":{"start":{"line":113,"column":2},"end":{"line":119,"column":null}},"40":{"start":{"line":113,"column":19},"end":{"line":113,"column":31}},"41":{"start":{"line":114,"column":4},"end":{"line":114,"column":null}},"42":{"start":{"line":114,"column":21},"end":{"line":114,"column":null}},"43":{"start":{"line":115,"column":14},"end":{"line":115,"column":null}},"44":{"start":{"line":116,"column":4},"end":{"line":118,"column":null}},"45":{"start":{"line":117,"column":6},"end":{"line":117,"column":null}},"46":{"start":{"line":121,"column":2},"end":{"line":121,"column":null}},"47":{"start":{"line":130,"column":2},"end":{"line":130,"column":null}},"48":{"start":{"line":130,"column":32},"end":{"line":130,"column":null}},"49":{"start":{"line":131,"column":8},"end":{"line":131,"column":null}},"50":{"start":{"line":132,"column":17},"end":{"line":132,"column":null}},"51":{"start":{"line":133,"column":38},"end":{"line":133,"column":null}},"52":{"start":{"line":136,"column":8},"end":{"line":136,"column":null}},"53":{"start":{"line":143,"column":8},"end":{"line":143,"column":null}},"54":{"start":{"line":144,"column":2},"end":{"line":150,"column":null}},"55":{"start":{"line":149,"column":4},"end":{"line":149,"column":null}},"56":{"start":{"line":156,"column":8},"end":{"line":156,"column":null}},"57":{"start":{"line":157,"column":2},"end":{"line":163,"column":null}},"58":{"start":{"line":162,"column":4},"end":{"line":162,"column":null}},"59":{"start":{"line":165,"column":2},"end":{"line":165,"column":null}},"60":{"start":{"line":173,"column":8},"end":{"line":173,"column":null}},"61":{"start":{"line":174,"column":17},"end":{"line":174,"column":null}},"62":{"start":{"line":175,"column":17},"end":{"line":175,"column":null}},"63":{"start":{"line":177,"column":4},"end":{"line":179,"column":null}},"64":{"start":{"line":181,"column":38},"end":{"line":181,"column":null}},"65":{"start":{"line":182,"column":19},"end":{"line":182,"column":null}},"66":{"start":{"line":185,"column":2},"end":{"line":192,"column":null}},"67":{"start":{"line":186,"column":4},"end":{"line":191,"column":null}},"68":{"start":{"line":186,"column":17},"end":{"line":186,"column":20}},"69":{"start":{"line":187,"column":12},"end":{"line":187,"column":null}},"70":{"start":{"line":188,"column":6},"end":{"line":190,"column":null}},"71":{"start":{"line":189,"column":8},"end":{"line":189,"column":null}},"72":{"start":{"line":195,"column":2},"end":{"line":201,"column":null}},"73":{"start":{"line":195,"column":19},"end":{"line":195,"column":31}},"74":{"start":{"line":196,"column":4},"end":{"line":196,"column":null}},"75":{"start":{"line":196,"column":21},"end":{"line":196,"column":null}},"76":{"start":{"line":197,"column":16},"end":{"line":197,"column":null}},"77":{"start":{"line":198,"column":4},"end":{"line":200,"column":null}},"78":{"start":{"line":199,"column":6},"end":{"line":199,"column":null}},"79":{"start":{"line":203,"column":2},"end":{"line":203,"column":null}},"80":{"start":{"line":211,"column":38},"end":{"line":211,"column":null}},"81":{"start":{"line":212,"column":8},"end":{"line":212,"column":null}},"82":{"start":{"line":214,"column":2},"end":{"line":219,"column":null}},"83":{"start":{"line":215,"column":4},"end":{"line":215,"column":null}},"84":{"start":{"line":215,"column":34},"end":{"line":215,"column":null}},"85":{"start":{"line":216,"column":4},"end":{"line":216,"column":null}},"86":{"start":{"line":216,"column":41},"end":{"line":216,"column":null}},"87":{"start":{"line":217,"column":4},"end":{"line":217,"column":null}},"88":{"start":{"line":217,"column":48},"end":{"line":217,"column":null}},"89":{"start":{"line":218,"column":4},"end":{"line":218,"column":null}},"90":{"start":{"line":221,"column":2},"end":{"line":221,"column":null}},"91":{"start":{"line":227,"column":8},"end":{"line":227,"column":null}},"92":{"start":{"line":228,"column":2},"end":{"line":228,"column":null}},"93":{"start":{"line":232,"column":2},"end":{"line":238,"column":null}},"94":{"start":{"line":243,"column":2},"end":{"line":243,"column":null}},"95":{"start":{"line":247,"column":2},"end":{"line":247,"column":null}},"96":{"start":{"line":255,"column":28},"end":{"line":255,"column":null}},"97":{"start":{"line":256,"column":30},"end":{"line":256,"column":null}},"98":{"start":{"line":258,"column":2},"end":{"line":261,"column":null}},"99":{"start":{"line":259,"column":4},"end":{"line":259,"column":null}},"100":{"start":{"line":260,"column":4},"end":{"line":260,"column":null}},"101":{"start":{"line":262,"column":2},"end":{"line":265,"column":null}},"102":{"start":{"line":263,"column":4},"end":{"line":263,"column":null}},"103":{"start":{"line":264,"column":4},"end":{"line":264,"column":null}},"104":{"start":{"line":266,"column":2},"end":{"line":269,"column":null}},"105":{"start":{"line":267,"column":4},"end":{"line":267,"column":null}},"106":{"start":{"line":268,"column":4},"end":{"line":268,"column":null}},"107":{"start":{"line":270,"column":2},"end":{"line":275,"column":null}},"108":{"start":{"line":271,"column":10},"end":{"line":271,"column":null}},"109":{"start":{"line":272,"column":10},"end":{"line":272,"column":null}},"110":{"start":{"line":273,"column":4},"end":{"line":273,"column":null}},"111":{"start":{"line":274,"column":4},"end":{"line":274,"column":null}},"112":{"start":{"line":277,"column":73},"end":{"line":283,"column":null}},"113":{"start":{"line":285,"column":2},"end":{"line":288,"column":null}}},"fnMap":{"0":{"name":"findOptimizations","decl":{"start":{"line":23,"column":16},"end":{"line":23,"column":null}},"loc":{"start":{"line":26,"column":28},"end":{"line":68,"column":null}},"line":26},"1":{"name":"(anonymous_1)","decl":{"start":{"line":67,"column":33},"end":{"line":67,"column":34}},"loc":{"start":{"line":67,"column":43},"end":{"line":67,"column":60}},"line":67},"2":{"name":"generateCandidates","decl":{"start":{"line":72,"column":9},"end":{"line":72,"column":28}},"loc":{"start":{"line":72,"column":109},"end":{"line":87,"column":null}},"line":72},"3":{"name":"tryDepthVariations","decl":{"start":{"line":94,"column":9},"end":{"line":94,"column":28}},"loc":{"start":{"line":94,"column":84},"end":{"line":122,"column":null}},"line":94},"4":{"name":"tryCoNestStrips","decl":{"start":{"line":129,"column":9},"end":{"line":129,"column":25}},"loc":{"start":{"line":129,"column":81},"end":{"line":166,"column":null}},"line":129},"5":{"name":"tryDimensionVariations","decl":{"start":{"line":172,"column":9},"end":{"line":172,"column":32}},"loc":{"start":{"line":172,"column":113},"end":{"line":204,"column":null}},"line":172},"6":{"name":"tryMaterialSwaps","decl":{"start":{"line":210,"column":9},"end":{"line":210,"column":26}},"loc":{"start":{"line":210,"column":63},"end":{"line":222,"column":null}},"line":210},"7":{"name":"evaluate","decl":{"start":{"line":226,"column":9},"end":{"line":226,"column":18}},"loc":{"start":{"line":226,"column":58},"end":{"line":229,"column":null}},"line":226},"8":{"name":"isValid","decl":{"start":{"line":231,"column":9},"end":{"line":231,"column":17}},"loc":{"start":{"line":231,"column":46},"end":{"line":240,"column":null}},"line":231},"9":{"name":"configFingerprint","decl":{"start":{"line":242,"column":9},"end":{"line":242,"column":27}},"loc":{"start":{"line":242,"column":55},"end":{"line":244,"column":null}},"line":242},"10":{"name":"round2","decl":{"start":{"line":246,"column":9},"end":{"line":246,"column":16}},"loc":{"start":{"line":246,"column":35},"end":{"line":248,"column":null}},"line":246},"11":{"name":"buildExplanation","decl":{"start":{"line":250,"column":9},"end":{"line":250,"column":null}},"loc":{"start":{"line":254,"column":30},"end":{"line":289,"column":null}},"line":254}},"branchMap":{"0":{"loc":{"start":{"line":25,"column":2},"end":{"line":25,"column":null}},"type":"default-arg","locations":[{"start":{"line":25,"column":44},"end":{"line":25,"column":null}}],"line":25},"1":{"loc":{"start":{"line":34,"column":6},"end":{"line":34,"column":null}},"type":"if","locations":[{"start":{"line":34,"column":6},"end":{"line":34,"column":null}},{"start":{},"end":{}}],"line":34},"2":{"loc":{"start":{"line":36,"column":6},"end":{"line":36,"column":null}},"type":"if","locations":[{"start":{"line":36,"column":6},"end":{"line":36,"column":null}},{"start":{},"end":{}}],"line":36},"3":{"loc":{"start":{"line":37,"column":6},"end":{"line":37,"column":null}},"type":"if","locations":[{"start":{"line":37,"column":6},"end":{"line":37,"column":null}},{"start":{},"end":{}}],"line":37},"4":{"loc":{"start":{"line":37,"column":10},"end":{"line":37,"column":107}},"type":"binary-expr","locations":[{"start":{"line":37,"column":10},"end":{"line":37,"column":59}},{"start":{"line":37,"column":59},"end":{"line":37,"column":107}}],"line":37},"5":{"loc":{"start":{"line":62,"column":4},"end":{"line":64,"column":null}},"type":"if","locations":[{"start":{"line":62,"column":4},"end":{"line":64,"column":null}},{"start":{},"end":{}}],"line":62},"6":{"loc":{"start":{"line":62,"column":8},"end":{"line":62,"column":47}},"type":"binary-expr","locations":[{"start":{"line":62,"column":8},"end":{"line":62,"column":21}},{"start":{"line":62,"column":21},"end":{"line":62,"column":47}}],"line":62},"7":{"loc":{"start":{"line":73,"column":2},"end":{"line":86,"column":null}},"type":"switch","locations":[{"start":{"line":74,"column":4},"end":{"line":75,"column":null}},{"start":{"line":76,"column":4},"end":{"line":77,"column":null}},{"start":{"line":78,"column":4},"end":{"line":79,"column":null}},{"start":{"line":80,"column":4},"end":{"line":81,"column":null}},{"start":{"line":82,"column":4},"end":{"line":83,"column":null}},{"start":{"line":84,"column":4},"end":{"line":85,"column":null}}],"line":73},"8":{"loc":{"start":{"line":103,"column":4},"end":{"line":109,"column":null}},"type":"if","locations":[{"start":{"line":103,"column":4},"end":{"line":109,"column":null}},{"start":{},"end":{}}],"line":103},"9":{"loc":{"start":{"line":104,"column":6},"end":{"line":106,"column":null}},"type":"binary-expr","locations":[{"start":{"line":104,"column":6},"end":{"line":104,"column":null}},{"start":{"line":105,"column":6},"end":{"line":105,"column":null}},{"start":{"line":106,"column":6},"end":{"line":106,"column":null}}],"line":104},"10":{"loc":{"start":{"line":114,"column":4},"end":{"line":114,"column":null}},"type":"if","locations":[{"start":{"line":114,"column":4},"end":{"line":114,"column":null}},{"start":{},"end":{}}],"line":114},"11":{"loc":{"start":{"line":116,"column":4},"end":{"line":118,"column":null}},"type":"if","locations":[{"start":{"line":116,"column":4},"end":{"line":118,"column":null}},{"start":{},"end":{}}],"line":116},"12":{"loc":{"start":{"line":116,"column":8},"end":{"line":116,"column":64}},"type":"binary-expr","locations":[{"start":{"line":116,"column":8},"end":{"line":116,"column":37}},{"start":{"line":116,"column":37},"end":{"line":116,"column":64}}],"line":116},"13":{"loc":{"start":{"line":130,"column":2},"end":{"line":130,"column":null}},"type":"if","locations":[{"start":{"line":130,"column":2},"end":{"line":130,"column":null}},{"start":{},"end":{}}],"line":130},"14":{"loc":{"start":{"line":144,"column":2},"end":{"line":150,"column":null}},"type":"if","locations":[{"start":{"line":144,"column":2},"end":{"line":150,"column":null}},{"start":{},"end":{}}],"line":144},"15":{"loc":{"start":{"line":145,"column":4},"end":{"line":147,"column":null}},"type":"binary-expr","locations":[{"start":{"line":145,"column":4},"end":{"line":145,"column":null}},{"start":{"line":146,"column":4},"end":{"line":146,"column":null}},{"start":{"line":147,"column":4},"end":{"line":147,"column":null}}],"line":145},"16":{"loc":{"start":{"line":157,"column":2},"end":{"line":163,"column":null}},"type":"if","locations":[{"start":{"line":157,"column":2},"end":{"line":163,"column":null}},{"start":{},"end":{}}],"line":157},"17":{"loc":{"start":{"line":158,"column":4},"end":{"line":160,"column":null}},"type":"binary-expr","locations":[{"start":{"line":158,"column":4},"end":{"line":158,"column":null}},{"start":{"line":159,"column":4},"end":{"line":159,"column":null}},{"start":{"line":160,"column":4},"end":{"line":160,"column":null}}],"line":158},"18":{"loc":{"start":{"line":177,"column":4},"end":{"line":179,"column":null}},"type":"cond-expr","locations":[{"start":{"line":178,"column":8},"end":{"line":178,"column":null}},{"start":{"line":179,"column":8},"end":{"line":179,"column":null}}],"line":177},"19":{"loc":{"start":{"line":188,"column":6},"end":{"line":190,"column":null}},"type":"if","locations":[{"start":{"line":188,"column":6},"end":{"line":190,"column":null}},{"start":{},"end":{}}],"line":188},"20":{"loc":{"start":{"line":188,"column":10},"end":{"line":188,"column":107}},"type":"binary-expr","locations":[{"start":{"line":188,"column":10},"end":{"line":188,"column":53}},{"start":{"line":188,"column":53},"end":{"line":188,"column":81}},{"start":{"line":188,"column":81},"end":{"line":188,"column":107}}],"line":188},"21":{"loc":{"start":{"line":196,"column":4},"end":{"line":196,"column":null}},"type":"if","locations":[{"start":{"line":196,"column":4},"end":{"line":196,"column":null}},{"start":{},"end":{}}],"line":196},"22":{"loc":{"start":{"line":198,"column":4},"end":{"line":200,"column":null}},"type":"if","locations":[{"start":{"line":198,"column":4},"end":{"line":200,"column":null}},{"start":{},"end":{}}],"line":198},"23":{"loc":{"start":{"line":198,"column":8},"end":{"line":198,"column":58}},"type":"binary-expr","locations":[{"start":{"line":198,"column":8},"end":{"line":198,"column":34}},{"start":{"line":198,"column":34},"end":{"line":198,"column":58}}],"line":198},"24":{"loc":{"start":{"line":215,"column":4},"end":{"line":215,"column":null}},"type":"if","locations":[{"start":{"line":215,"column":4},"end":{"line":215,"column":null}},{"start":{},"end":{}}],"line":215},"25":{"loc":{"start":{"line":216,"column":4},"end":{"line":216,"column":null}},"type":"if","locations":[{"start":{"line":216,"column":4},"end":{"line":216,"column":null}},{"start":{},"end":{}}],"line":216},"26":{"loc":{"start":{"line":217,"column":4},"end":{"line":217,"column":null}},"type":"if","locations":[{"start":{"line":217,"column":4},"end":{"line":217,"column":null}},{"start":{},"end":{}}],"line":217},"27":{
[...]
":null}},"47":{"start":{"line":48,"column":84},"end":{"line":48,"column":null}},"48":{"start":{"line":49,"column":13},"end":{"line":49,"column":null}},"49":{"start":{"line":50,"column":2},"end":{"line":50,"column":null}},"50":{"start":{"line":50,"column":10},"end":{"line":50,"column":null}},"51":{"start":{"line":51,"column":13},"end":{"line":51,"column":null}},"52":{"start":{"line":52,"column":2},"end":{"line":52,"column":null}},"53":{"start":{"line":52,"column":41},"end":{"line":52,"column":null}},"54":{"start":{"line":53,"column":14},"end":{"line":53,"column":null}},"55":{"start":{"line":54,"column":2},"end":{"line":58,"column":null}},"56":{"start":{"line":55,"column":4},"end":{"line":58,"column":null}},"57":{"start":{"line":58,"column":21},"end":{"line":58,"column":30}},"58":{"start":{"line":59,"column":13},"end":{"line":59,"column":null}},"59":{"start":{"line":60,"column":2},"end":{"line":60,"column":null}},"60":{"start":{"line":60,"column":10},"end":{"line":60,"column":null}},"61":{"start":{"line":61,"column":13},"end":{"line":61,"column":null}},"62":{"start":{"line":62,"column":2},"end":{"line":62,"column":null}},"63":{"start":{"line":62,"column":10},"end":{"line":62,"column":null}},"64":{"start":{"line":63,"column":13},"end":{"line":63,"column":null}},"65":{"start":{"line":64,"column":2},"end":{"line":64,"column":null}},"66":{"start":{"line":64,"column":32},"end":{"line":64,"column":null}},"67":{"start":{"line":65,"column":13},"end":{"line":65,"column":null}},"68":{"start":{"line":66,"column":2},"end":{"line":66,"column":null}},"69":{"start":{"line":66,"column":75},"end":{"line":66,"column":null}},"70":{"start":{"line":67,"column":13},"end":{"line":67,"column":null}},"71":{"start":{"line":68,"column":2},"end":{"line":68,"column":null}},"72":{"start":{"line":68,"column":10},"end":{"line":68,"column":null}},"73":{"start":{"line":69,"column":13},"end":{"line":69,"column":null}},"74":{"start":{"line":70,"column":2},"end":{"line":70,"column":null}},"75":{"start":{"line":70,"column":70},"end":{"line":70,"column":null}},"76":{"start":{"line":71,"column":14},"end":{"line":71,"column":null}},"77":{"start":{"line":72,"column":2},"end":{"line":72,"column":null}},"78":{"start":{"line":72,"column":11},"end":{"line":72,"column":null}},"79":{"start":{"line":73,"column":13},"end":{"line":73,"column":null}},"80":{"start":{"line":74,"column":2},"end":{"line":74,"column":null}},"81":{"start":{"line":74,"column":68},"end":{"line":74,"column":null}},"82":{"start":{"line":75,"column":15},"end":{"line":75,"column":null}},"83":{"start":{"line":76,"column":2},"end":{"line":76,"column":null}},"84":{"start":{"line":76,"column":38},"end":{"line":76,"column":null}},"85":{"start":{"line":78,"column":2},"end":{"line":78,"column":null}},"86":{"start":{"line":83,"column":17},"end":{"line":83,"column":null}},"87":{"start":{"line":84,"column":13},"end":{"line":84,"column":null}},"88":{"start":{"line":85,"column":2},"end":{"line":87,"column":null}},"89":{"start":{"line":92,"column":2},"end":{"line":92,"column":null}},"90":{"start":{"line":97,"column":17},"end":{"line":97,"column":null}},"91":{"start":{"line":98,"column":13},"end":{"line":98,"column":null}},"92":{"start":{"line":99,"column":14},"end":{"line":99,"column":null}},"93":{"start":{"line":100,"column":2},"end":{"line":100,"column":null}}},"fnMap":{"0":{"name":"configToParams","decl":{"start":{"line":8,"column":16},"end":{"line":8,"column":31}},"loc":{"start":{"line":8,"column":68},"end":{"line":32,"column":null}},"line":8},"1":{"name":"paramsToConfig","decl":{"start":{"line":38,"column":16},"end":{"line":38,"column":31}},"loc":{"start":{"line":38,"column":80},"end":{"line":79,"column":null}},"line":38},"2":{"name":"(anonymous_2)","decl":{"start":{"line":58,"column":14},"end":{"line":58,"column":15}},"loc":{"start":{"line":58,"column":21},"end":{"line":58,"column":30}},"line":58},"3":{"name":"configToUrl","decl":{"start":{"line":82,"column":16},"end":{"line":82,"column":28}},"loc":{"start":{"line":82,"column":56},"end":{"line":88,"column":null}},"line":82},"4":{"name":"readConfigFromUrl","decl":{"start":{"line":91,"column":16},"end":{"line":91,"column":60}},"loc":{"start":{"line":91,"column":60},"end":{"line":93,"column":null}},"line":91},"5":{"name":"pushConfigToUrl","decl":{"start":{"line":96,"column":16},"end":{"line":96,"column":32}},"loc":{"start":{"line":96,"column":58},"end":{"line":101,"column":null}},"line":96}},"branchMap":{"0":{"loc":{"start":{"line":12,"column":2},"end":{"line":12,"column":null}},"type":"if","locations":[{"start":{"line":12,"column":2},"end":{"line":12,"column":null}},{"start":{},"end":{}}],"line":12},"1":{"loc":{"start":{"line":13,"column":2},"end":{"line":13,"column":null}},"type":"if","locations":[{"start":{"line":13,"column":2},"end":{"line":13,"column":null}},{"start":{},"end":{}}],"line":13},"2":{"loc":{"start":{"line":14,"column":2},"end":{"line":14,"column":null}},"type":"if","locations":[{"start":{"line":14,"column":2},"end":{"line":14,"column":null}},{"start":{},"end":{}}],"line":14},"3":{"loc":{"start":{"line":15,"column":2},"end":{"line":15,"column":null}},"type":"if","locations":[{"start":{"line":15,"column":2},"end":{"line":15,"column":null}},{"start":{},"end":{}}],"line":15},"4":{"loc":{"start":{"line":16,"column":2},"end":{"line":16,"column":null}},"type":"if","locations":[{"start":{"line":16,"column":2},"end":{"line":16,"column":null}},{"start":{},"end":{}}],"line":16},"5":{"loc":{"start":{"line":17,"column":2},"end":{"line":17,"column":null}},"type":"if","locations":[{"start":{"line":17,"column":2},"end":{"line":17,"column":null}},{"start":{},"end":{}}],"line":17},"6":{"loc":{"start":{"line":18,"column":2},"end":{"line":20,"column":null}},"type":"if","locations":[{"start":{"line":18,"column":2},"end":{"line":20,"column":null}},{"start":{},"end":{}}],"line":18},"7":{"loc":{"start":{"line":18,"column":6},"end":{"line":18,"column":76}},"type":"binary-expr","locations":[{"start":{"line":18,"column":6},"end":{"line":18,"column":39}},{"start":{"line":18,"column":39},"end":{"line":18,"column":76}}],"line":18},"8":{"loc":{"start":{"line":21,"column":2},"end":{"line":21,"column":null}},"type":"if","locations":[{"start":{"line":21,"column":2},"end":{"line":21,"column":null}},{"start":{},"end":{}}],"line":21},"9":{"loc":{"start":{"line":22,"column":2},"end":{"line":22,"column":null}},"type":"if","locations":[{"start":{"line":22,"column":2},"end":{"line":22,"column":null}},{"start":{},"end":{}}],"line":22},"10":{"loc":{"start":{"line":23,"column":2},"end":{"line":23,"column":null}},"type":"if","locations":[{"start":{"line":23,"column":2},"end":{"line":23,"column":null}},{"start":{},"end":{}}],"line":23},"11":{"loc":{"start":{"line":24,"column":2},"end":{"line":24,"column":null}},"type":"if","locations":[{"start":{"line":24,"column":2},"end":{"line":24,"column":null}},{"start":{},"end":{}}],"line":24},"12":{"loc":{"start":{"line":25,"column":2},"end":{"line":25,"column":null}},"type":"if","locations":[{"start":{"line":25,"column":2},"end":{"line":25,"column":null}},{"start":{},"end":{}}],"line":25},"13":{"loc":{"start":{"line":26,"column":2},"end":{"line":26,"column":null}},"type":"if","locations":[{"start":{"line":26,"column":2},"end":{"line":26,"column":null}},{"start":{},"end":{}}],"line":26},"14":{"loc":{"start":{"line":27,"column":2},"end":{"line":27,"column":null}},"type":"if","locations":[{"start":{"line":27,"column":2},"end":{"line":27,"column":null}},{"start":{},"end":{}}],"line":27},"15":{"loc":{"start":{"line":28,"column":2},"end":{"line":28,"column":null}},"type":"if","locations":[{"start":{"line":28,"column":2},"end":{"line":28,"column":null}},{"start":{},"end":{}}],"line":28},"16":{"loc":{"start":{"line":29,"column":2},"end":{"line":29,"column":null}},"type":"if","locations":[{"start":{"line":29,"column":2},"end":{"line":29,"column":null}},{"start":{},"end":{}}],"line":29},"17":{"loc":{"start":{"line":42,"column":2},"end":{"line":42,"column":null}},"type":"if","locations":[{"start":{"line":42,"column":2},"end":{"line":42,"column":null}},{"start":{},"end":{}}],"line":42},"18":{"loc":{"start":{"line":44,"column":2},"end":{"line":44,"column":null}},"type":"if","locations":[{"start":{"line":44,"column":2},"end":{"line":44,"column":null}},{"start":{},"end":{}}],"line":44},"19":{"loc":{"start":{"line":46,"column":2},"end":{"line":46,"column":null}},"type":"if","locations":[{"start":{"line":46,"column":2},"end":{"line":46,"column":null}},{"start":{},"end":{}}],"line":46},"20":{"loc":{"start":{"line":48,"column":2},"end":{"line":48,"column":null}},"type":"if","locations":[{"start":{"line":48,"column":2},"end":{"line":48,"column":null}},{"start":{},"end":{}}],"line":48},"21":{"loc":{"start":{"line":48,"column":6},"end":{"line":48,"column":84}},"type":"binary-expr","locations":[{"start":{"line":48,"column":6},"end":{"line":48,"column":26}},{"start":{"line":48,"column":26},"end":{"line":48,"column":48}},{"start":{"line":48,"column":48},"end":{"line":48,"column":65}},{"start":{"line":48,"column":65},"end":{"line":48,"column":84}}],"line":48},"22":{"loc":{"start":{"line":50,"column":2},"end":{"line":50,"column":null}},"type":"if","locations":[{"start":{"line":50,"column":2},"end":{"line":50,"column":null}},{"start":{},"end":{}}],"line":50},"23":{"loc":{"start":{"line":52,"column":2},"end":{"line":52,"column":null}},"type":"if","locations":[{"start":{"line":52,"column":2},"end":{"line":52,"column":null}},{"start":{},"end":{}}],"line":52},"24":{"loc":{"start":{"line":52,"column":6},"end":{"line":52,"column":41}},"type":"binary-expr","locations":[{"start":{"line":52,"column":6},"end":{"line":52,"column":24}},{"start":{"line":52,"column":24},"end":{"line":52,"column":41}}],"line":52},"25":{"loc":{"start":{"line":54,"column":2},"end":{"line":58,"column":null}},"type":"if","locations":[{"start":{"line":54,"column":2},"end":{"line":58,"column":null}},{"start":{},"end":{}}],"line":54},"26":{"loc":{"start":{"line":60,"column":2},"end":{"line":60,"column":null}},"type":"if","locations":[{"start":{"line":60,"column":2},"end":{"line":60,"column":null}},{"start":{},"end":{}}],"line":60},"27":{"loc":{"start":{"line":62,"column":2},"end":{"line":62,"column":null}},"type":"if","locations":[{"start":{"line":62,"column":2},"end":{"line":62,"column":null}},{"start":{},"end":{}}],"line":62},"28":{"loc":{"start":{"line":64,"column":2},"end":{"line":64,"column":null}},"type":"if","locations":[{"start":{"line":64,"column":2},"end":{"line":64,"column":null}},{"start":{},"end":{}}],"line":64},"29":{"loc":{"start":{"line":64,"column":6},"end":{"line":64,"column":32}},"type":"binary-expr","locations":[{"start":{"line":64,"column":6},"end":{"line":64,"column":20}},{"start":{"line":64,"column":20},"end":{"line":64,"column":32}}],"line":64},"30":{"loc":{"start":{"line":66,"column":2},"end":{"line":66,"column":null}},"type":"if","locations":[{"start":{"line":66,"column":2},"end":{"line":66,"column":null}},{"start":{},"end":{}}],"line":66},"31":{"loc":{"start":{"line":66,"column":6},"end":{"line":66,"column":75}},"type":"binary-expr","locations":[{"start":{"line":66,"column":6},"end":{"line":66,"column":23}},{"start":{"line":66,"column":23},"end":{"line":66,"column":40}},{"start":{"line":66,"column":40},"end":{"line":66,"column":59}},{"start":{"line":66,"column":59},"end":{"line":66,"column":75}}],"line":66},"32":{"loc":{"start":{"line":68,"column":2},"end":{"line":68,"column":null}},"type":"if","locations":[{"start":{"line":68,"column":2},"end":{"line":68,"column":null}},{"start":{},"end":{}}],"line":68},"33":{"loc":{"start":{"line":70,"column":2},"end":{"line":70,"column":null}},"type":"if","locations":[{"start":{"line":70,"column":2},"end":{"line":70,"column":null}},{"start":{},"end":{}}],"line":70},"34":{"loc":{"start":{"line":70,"column":6},"end":{"line":70,"column":70}},"type":"binary-expr","locations":[{"start":{"line":70,"column":6},"end":{"line":70,"column":22}},{"start":{"line":70,"column":22},"end":{"line":70,"column":39}},{"start":{"line":70,"column":39},"end":{"line":70,"column":55}},{"start":{"line":70,"column":55},"end":{"line":70,"column":70}}],"line":70},"35":{"loc":{"start":{"line":72,"column":2},"end":{"line":72,"column":null}},"type":"if","locations":[{"start":{"line":72,"column":2},"end":{"line":72,"column":null}},{"start":{},"end":{}}],"line":72},"36":{"loc":{"start":{"line":74,"column":2},"end":{"line":74,"column":null}},"type":"if","locations":[{"start":{"line":74,"column":2},"end":{"line":74,"column":null}},{"start":{},"end":{}}],"line":74},"37":{"loc":{"start":{"line":74,"column":6},"end":{"line":74,"column":68}},"type":"binary-expr","locations":[{"start":{"line":74,"column":6},"end":{"line":74,"column":30}},{"start":{"line":74,"column":30},"end":{"line":74,"column":53}},{"start":{"line":74,"column":53},"end":{"line":74,"column":68}}],"line":74},"38":{"loc":{"start":{"line":76,"column":2},"end":{"line":76,"column":null}},"type":"if","locations":[{"start":{"line":76,"column":2},"end":{"line":76,"column":null}},{"start":{},"end":{}}],"line":76},"39":{"loc":{"start":{"line":76,"column":6},"end":{"line":76,"column":38}},"type":"binary-expr","locations":[{"start":{"line":76,"column":6},"end":{"line":76,"column":23}},{"start":{"line":76,"column":23},"end":{"line":76,"column":38}}],"line":76},"40":{"loc":{"start":{"line":85,"column":9},"end":{"line":87,"column":null}},"type":"cond-expr","locations":[{"start":{"line":86,"column":6},"end":{"line":86,"column":null}},{"start":{"line":87,"column":6},"end":{"line":87,"column":null}}],"line":85},"41":{"loc":{"start":{"line":99,"column":14},"end":{"line":99,"column":null}},"type":"cond-expr","locations":[{"start":{"line":99,"column":19},"end":{"line":99,"column":57}},{"start":{"line":99,"column":57},"end":{"line":99,"column":null}}],"line":99}},"s":{"0":45,"1":45,"2":45,"3":10,"4":45,"5":2,"6":45,"7":2,"8":45,"9":1,"10":45,"11":2,"12":45,"13":1,"14":45,"15":1,"16":45,"17":1,"18":45,"19":0,"20":45,"21":2,"22":45,"23":2,"24":45,"25":1,"26":45,"27":1,"28":45,"29":1,"30":45,"31":1,"32":45,"33":1,"34":45,"35":29,"36":29,"37":29,"38":2,"39":29,"40":29,"41":2,"42":29,"43":29,"44":1,"45":29,"46":29,"47":5,"48":29,"49":29,"50":1,"51":29,"52":29,"53":1,"54":29,"55":29,"56":1,"57":2,"58":29,"59":29,"60":0,"61":29,"62":29,"63":0,"64":29,"65":29,"66":3,"67":29,"68":29,"69":5,"70":29,"71":29,"72":0,"73":29,"74":29,"75":3,"76":29,"77":29,"78":2,"79":29,"80":29,"81":1,"82":29,"83":29,"84":3,"85":29,"86":0,"87":0,"88":0,"89":3,"90":35,"91":35,"92":35,"93":35},"f":{"0":45,"1":29,"2":2,"3":0,"4":3,"5":35},"b":{"0":[10,35],"1":[2,43],"2":[2,43],"3":[1,44],"4":[2,43],"5":[1,44],"6":[1,44],"7":[45,1],"8":[1,44],"9":[0,45],"10":[2,43],"11":[2,43],"12":[1,44],"13":[1,44],"14":[1,44],"15":[1,44],"16":[1,44],"17":[2,27],"18":[2,27],"19":[1,28],"20":[5,24],"21":[29,28,27,26],"22":[1,28],"23":[1,28],"24":[29,29],"25":[1,28],"26":[0,29],"27":[0,29],"28":[3,26],"29":[29,27],"30":[5,24],"31":[29,28,27,25],"32":[0,29],"33":[3,26],"34":[29,28,26,26],"35":[2,27],"36":[1,28],"37":[29,29,29],"38":[3,26],"39":[29,28],"40":[0,0],"41":[8,27]},"meta":{"lastBranch":42,"lastFunction":6,"lastStatement":94,"seen":{"f:8:16:8:31":0,"s:9:17:9:Infinity":0,"s:10:14:10:Infinity":1,"b:12:2:12:Infinity:undefined:undefined:undefined:undefined":0,"s:12:2:12:Infinity":2,"s:12:31:12:Infinity":3,"b:13:2:13:Infinity:undefined:undefined:undefined:undefined":1,"s:13:2:13:Infinity":4,"s:13:33:13:Infinity":5,"b:14:2:14:Infinity:undefined:undefined:undefined:undefined":2,"s:14:2:14:Infinity":6,"s:14:31:14:Infinity":7,"b:15:2:15:Infinity:undefined:undefined:undefined:undefined":3,"s:15:2:15:Infinity":8,"s:15:47:15:Infinity":9,"b:16:2:16:Infinity:undefined:undefined:undefined:undefined":4,"s:16:2:16:Infinity":10,"s:16:41:16:Infinity":11,"b:17:2:17:Infinity:undefined:undefined:undefined:undefined":5,"s:17:2:17:Infinity":12,"s:17:45:17:Infinity":13,"b:18:2:20:Infinity:undefined:undefined:undefined:undefined":6,"s:18:2:20:Infinity":14,"b:18:6:18:39:18:39:18:76":7,"s:19:4:19:Infinity":15,"b:21:2:21:Infinity:undefined:undefined:undefined:undefined":8,"s:21:2:21:Infinity":16,"s:21:51:21:Infinity":17,"b:22:2:22:Infinity:undefined:undefined:undefined:undefined":9,"s:22:2:22:Infinity":18,"s:22:55:22:Infinity":19,"b:23:2:23:Infinity:undefined:undefined:undefined:undefined":10,"s:23:2:23:Infinity":20,"s:23:39:23:Infinity":21,"b:24:2:24:Infinity:undefined:undefined:undefined:undefined":11,"s:24:2:24:Infinity":22,"s:24:39:24:Infinity":23,"b:25:2:25:Infinity:undefined:undefined:undefined:undefined":12,"s:25:2:25:Infinity":24,"s:25:41:25:Infinity":25,"b:26:2:26:Infinity:undefined:undefined:undefined:undefined":13,"s:26:2:26:Infinity":26,"s:26:43:26:Infinity":27,"b:27:2:27:Infinity:undefined:undefined:undefined:undefined":14,"s:27:2:27:Infinity":28,"s:27:43:27:Infinity":29,"b:28:2:28:Infinity:undefined:undefined:undefined:undefined":15,"s:28:2:28:Infinity":30,"s:28:43:28:Infinity":31,"b:29:2:29:Infinity:undefined:undefined:undefined:undefined":16,"s:29:2:29:Infinity":32,"s:29:29:29:Infinity":33,"s:31:2:31:Infinity":34,"f:38:16:38:31":1,"s:39:40:39:Infinity":35,"s:41:12:41:Infinity":36,"b:42:2:42:Infinity:undefined:undefined:undefined:undefined":17,"s:42:2:42:Infinity":37,"s:42:9:42:Infinity":38,"s:43:12:43:Infinity":39,"b:44:2:44:Infinity:undefined:undefined:undefined:undefined":18,"s:44:2:44:Infinity":40,"s:44:9:44:Infinity":41,"s:45:12:45:Infinity":42,"b:46:2:46:Infinity:undefined:undefined:undefined:undefined":19,"s:46:2:46:Infinity":43,"s:46:9:46:Infinity":44,"s:47:13:47:Infinity":45,"b:48:2:48:Infinity:undefined:undefined:undefined:undefined":20,"s:48:2:48:Infinity":46,"b:48:6:48:26:48:26:48:48:48:48:48:65:48:65:48:84":21,"s:48:84:48:Infinity":47,"s:49:13:49:Infinity":48,"b:50:2:50:Infinity:undefined:undefined:undefined:undefined":22,"s:50:2:50:Infinity":49,"s:50:10:50:Infinity":50,"s:51:13:51:Infinity":51,"b:52:2:52:Infinity:undefined:undefined:undefined:undefined":23,"s:52:2:52:Infinity":52,"b:52:6:52:24:52:24:52:41":24,"s:52:41:52:Infinity":53,"s:53:14:53:Infinity":54,"b:54:2:58:Infinity:undefined:undefined:undefined:undefined":25,"s:54:2:58:Infinity":55,"s:55:4:58:Infinity":56,"f:58:14:58:15":2,"s:58:21:58:30":57,"s:59:13:59:Infinity":58,"b:60:2:60:Infinity:undefined:undefined:undefined:undefined":26,"s:60:2:60:Infinity":59,"s:60:10:60:Infinity":60,"s:61:13:61:Infinity":61,"b:62:2:62:Infinity:undefined:undefined:undefined:undefined":27,"s:62:2:62:Infinity":62,"s:62:10:62:Infinity":63,"s:63:13:63:Infinity":64,"b:64:2:64:Infinity:undefined:undefined:undefined:undefined":28,"s:64:2:64:Infinity":65,"b:64:6:64:20:64:20:64:32":29,"s:64:32:64:Infinity":66,"s:65:13:65:Infinity":67,"b:66:2:66:Infinity:undefined:undefined:undefined:undefined":30,"s:66:2:66:Infinity":68,"b:66:6:66:23:66:23:66:40:66:40:66:59:66:59:66:75":31,"s:66:75:66:Infinity":69,"s:67:13:67:Infinity":70,"b:68:2:68:Infinity:undefined:undefined:undefined:undefined":32,"s:68:2:68:Infinity":71,"s:68:10:68:Infinity":72,"s:69:13:69:Infinity":73,"b:70:2:70:Infinity:undefined:undefined:undefined:undefined":33,"s:70:2:70:Infinity":74,"b:70:6:70:22:70:22:70:39:70:39:70:55:70:55:70:70":34,"s:70:70:70:Infinity":75,"s:71:14:71:Infinity":76,"b:72:2:72:Infinity:undefined:undefined:undefined:undefined":35,"s:72:2:72:Infinity":77,"s:72:11:72:Infinity":78,"s:73:13:73:Infinity":79,"b:74:2:74:Infinity:undefined:undefined:undefined:undefined":36,"s:74:2:74:Infinity":80,"b:74:6:74:30:74:30:74:53:74:53:74:68":37,"s:74:68:74:Infinity":81,"s:75:15:75:Infinity":82,"b:76:2:76:Infinity:undefined:undefined:undefined:undefined":38,"s:76:2:76:Infinity":83,"b:76:6:76:23:76:23:76:38":39,"s:76:38:76:Infinity":84,"s:78:2:78:Infinity":85,"f:82:16:82:28":3,"s:83:17:83:Infinity":86,"s:84:13:84:Infinity":87,"s:85:2:87:Infinity":88,"b:86:6:86:Infinity:87:6:87:Infinity":40,"f:91:16:91:60":4,"s:92:2:92:Infinity":89,"f:96:16:96:32":5,"s:97:17:97:Infinity":90,"s:98:13:98:Infinity":91,"s:99:14:99:Infinity":92,"b:99:19:99:57:99:57:99:Infinity":41,"s:100:2:100:Infinity":93}}}
}
